This is pdfTeX, Version 3.14159265-2.6-1.40.16 (TeX Live 2015/Debian) (preloaded format=pdflatex 2018.12.6)  7 DEC 2018 10:51
entering extended mode
 restricted \write18 enabled.
 %&-line parsing enabled.
**main.tex
(./main.tex
LaTeX2e <2016/02/01>
Babel <3.9q> and hyphenation patterns for 81 language(s) loaded.
(./preambule.tex (/usr/share/texlive/texmf-dist/tex/latex/base/article.cls
Document Class: article 2014/09/29 v1.4h Standard LaTeX document class
(/usr/share/texlive/texmf-dist/tex/latex/base/size12.clo
File: size12.clo 2014/09/29 v1.4h Standard LaTeX file (size option)
)
\c@part=\count79
\c@section=\count80
\c@subsection=\count81
\c@subsubsection=\count82
\c@paragraph=\count83
\c@subparagraph=\count84
\c@figure=\count85
\c@table=\count86
\abovecaptionskip=\skip41
\belowcaptionskip=\skip42
\bibindent=\dimen102
)
(/usr/share/texlive/texmf-dist/tex/latex/base/inputenc.sty
Package: inputenc 2015/03/17 v1.2c Input encoding file
\inpenc@prehook=\toks14
\inpenc@posthook=\toks15

(/usr/share/texlive/texmf-dist/tex/latex/base/utf8.def
File: utf8.def 2015/12/03 v1.1r UTF-8 support for inputenc
Now handling font encoding OML ...
... no UTF-8 mapping file for font encoding OML
Now handling font encoding T1 ...
... processing UTF-8 mapping file for font encoding T1

(/usr/share/texlive/texmf-dist/tex/latex/base/t1enc.dfu
File: t1enc.dfu 2015/12/03 v1.1r UTF-8 support for inputenc
   defining Unicode char U+00A0 (decimal 160)
   defining Unicode char U+00A1 (decimal 161)
   defining Unicode char U+00A3 (decimal 163)
   defining Unicode char U+00AB (decimal 171)
   defining Unicode char U+00AD (decimal 173)
   defining Unicode char U+00BB (decimal 187)
   defining Unicode char U+00BF (decimal 191)
   defining Unicode char U+00C0 (decimal 192)
   defining Unicode char U+00C1 (decimal 193)
   defining Unicode char U+00C2 (decimal 194)
   defining Unicode char U+00C3 (decimal 195)
   defining Unicode char U+00C4 (decimal 196)
   defining Unicode char U+00C5 (decimal 197)
   defining Unicode char U+00C6 (decimal 198)
   defining Unicode char U+00C7 (decimal 199)
   defining Unicode char U+00C8 (decimal 200)
   defining Unicode char U+00C9 (decimal 201)
   defining Unicode char U+00CA (decimal 202)
   defining Unicode char U+00CB (decimal 203)
   defining Unicode char U+00CC (decimal 204)
   defining Unicode char U+00CD (decimal 205)
   defining Unicode char U+00CE (decimal 206)
   defining Unicode char U+00CF (decimal 207)
   defining Unicode char U+00D0 (decimal 208)
   defining Unicode char U+00D1 (decimal 209)
   defining Unicode char U+00D2 (decimal 210)
   defining Unicode char U+00D3 (decimal 211)
   defining Unicode char U+00D4 (decimal 212)
   defining Unicode char U+00D5 (decimal 213)
   defining Unicode char U+00D6 (decimal 214)
   defining Unicode char U+00D8 (decimal 216)
   defining Unicode char U+00D9 (decimal 217)
   defining Unicode char U+00DA (decimal 218)
   defining Unicode char U+00DB (decimal 219)
   defining Unicode char U+00DC (decimal 220)
   defining Unicode char U+00DD (decimal 221)
   defining Unicode char U+00DE (decimal 222)
   defining Unicode char U+00DF (decimal 223)
   defining Unicode char U+00E0 (decimal 224)
   defining Unicode char U+00E1 (decimal 225)
   defining Unicode char U+00E2 (decimal 226)
   defining Unicode char U+00E3 (decimal 227)
   defining Unicode char U+00E4 (decimal 228)
   defining Unicode char U+00E5 (decimal 229)
   defining Unicode char U+00E6 (decimal 230)
   defining Unicode char U+00E7 (decimal 231)
   defining Unicode char U+00E8 (decimal 232)
   defining Unicode char U+00E9 (decimal 233)
   defining Unicode char U+00EA (decimal 234)
   defining Unicode char U+00EB (decimal 235)
   defining Unicode char U+00EC (decimal 236)
   defining Unicode char U+00ED (decimal 237)
   defining Unicode char U+00EE (decimal 238)
   defining Unicode char U+00EF (decimal 239)
   defining Unicode char U+00F0 (decimal 240)
   defining Unicode char U+00F1 (decimal 241)
   defining Unicode char U+00F2 (decimal 242)
   defining Unicode char U+00F3 (decimal 243)
   defining Unicode char U+00F4 (decimal 244)
   defining Unicode char U+00F5 (decimal 245)
   defining Unicode char U+00F6 (decimal 246)
   defining Unicode char U+00F8 (decimal 248)
   defining Unicode char U+00F9 (decimal 249)
   defining Unicode char U+00FA (decimal 250)
   defining Unicode char U+00FB (decimal 251)
   defining Unicode char U+00FC (decimal 252)
   defining Unicode char U+00FD (decimal 253)
   defining Unicode char U+00FE (decimal 254)
   defining Unicode char U+00FF (decimal 255)
   defining Unicode char U+0100 (decimal 256)
   defining Unicode char U+0101 (decimal 257)
   defining Unicode char U+0102 (decimal 258)
   defining Unicode char U+0103 (decimal 259)
   defining Unicode char U+0104 (decimal 260)
   defining Unicode char U+0105 (decimal 261)
   defining Unicode char U+0106 (decimal 262)
   defining Unicode char U+0107 (decimal 263)
   defining Unicode char U+0108 (decimal 264)
   defining Unicode char U+0109 (decimal 265)
   defining Unicode char U+010A (decimal 266)
   defining Unicode char U+010B (decimal 267)
   defining Unicode char U+010C (decimal 268)
   defining Unicode char U+010D (decimal 269)
   defining Unicode char U+010E (decimal 270)
   defining Unicode char U+010F (decimal 271)
   defining Unicode char U+0110 (decimal 272)
   defining Unicode char U+0111 (decimal 273)
   defining Unicode char U+0112 (decimal 274)
   defining Unicode char U+0113 (decimal 275)
   defining Unicode char U+0114 (decimal 276)
   defining Unicode char U+0115 (decimal 277)
   defining Unicode char U+0116 (decimal 278)
   defining Unicode char U+0117 (decimal 279)
   defining Unicode char U+0118 (decimal 280)
   defining Unicode char U+0119 (decimal 281)
   defining Unicode char U+011A (decimal 282)
   defining Unicode char U+011B (decimal 283)
   defining Unicode char U+011C (decimal 284)
   defining Unicode char U+011D (decimal 285)
   defining Unicode char U+011E (decimal 286)
   defining Unicode char U+011F (decimal 287)
   defining Unicode char U+0120 (decimal 288)
   defining Unicode char U+0121 (decimal 289)
   defining Unicode char U+0122 (decimal 290)
   defining Unicode char U+0123 (decimal 291)
   defining Unicode char U+0124 (decimal 292)
   defining Unicode char U+0125 (decimal 293)
   defining Unicode char U+0128 (decimal 296)
   defining Unicode char U+0129 (decimal 297)
   defining Unicode char U+012A (decimal 298)
   defining Unicode char U+012B (decimal 299)
   defining Unicode char U+012C (decimal 300)
   defining Unicode char U+012D (decimal 301)
   defining Unicode char U+012E (decimal 302)
   defining Unicode char U+012F (decimal 303)
   defining Unicode char U+0130 (decimal 304)
   defining Unicode char U+0131 (decimal 305)
   defining Unicode char U+0132 (decimal 306)
   defining Unicode char U+0133 (decimal 307)
   defining Unicode char U+0134 (decimal 308)
   defining Unicode char U+0135 (decimal 309)
   defining Unicode char U+0136 (decimal 310)
   defining Unicode char U+0137 (decimal 311)
   defining Unicode char U+0139 (decimal 313)
   defining Unicode char U+013A (decimal 314)
   defining Unicode char U+013B (decimal 315)
   defining Unicode char U+013C (decimal 316)
   defining Unicode char U+013D (decimal 317)
   defining Unicode char U+013E (decimal 318)
   defining Unicode char U+0141 (decimal 321)
   defining Unicode char U+0142 (decimal 322)
   defining Unicode char U+0143 (decimal 323)
   defining Unicode char U+0144 (decimal 324)
   defining Unicode char U+0145 (decimal 325)
   defining Unicode char U+0146 (decimal 326)
   defining Unicode char U+0147 (decimal 327)
   defining Unicode char U+0148 (decimal 328)
   defining Unicode char U+014A (decimal 330)
   defining Unicode char U+014B (decimal 331)
   defining Unicode char U+014C (decimal 332)
   defining Unicode char U+014D (decimal 333)
   defining Unicode char U+014E (decimal 334)
   defining Unicode char U+014F (decimal 335)
   defining Unicode char U+0150 (decimal 336)
   defining Unicode char U+0151 (decimal 337)
   defining Unicode char U+0152 (decimal 338)
   defining Unicode char U+0153 (decimal 339)
   defining Unicode char U+0154 (decimal 340)
   defining Unicode char U+0155 (decimal 341)
   defining Unicode char U+0156 (decimal 342)
   defining Unicode char U+0157 (decimal 343)
   defining Unicode char U+0158 (decimal 344)
   defining Unicode char U+0159 (decimal 345)
   defining Unicode char U+015A (decimal 346)
   defining Unicode char U+015B (decimal 347)
   defining Unicode char U+015C (decimal 348)
   defining Unicode char U+015D (decimal 349)
   defining Unicode char U+015E (decimal 350)
   defining Unicode char U+015F (decimal 351)
   defining Unicode char U+0160 (decimal 352)
   defining Unicode char U+0161 (decimal 353)
   defining Unicode char U+0162 (decimal 354)
   defining Unicode char U+0163 (decimal 355)
   defining Unicode char U+0164 (decimal 356)
   defining Unicode char U+0165 (decimal 357)
   defining Unicode char U+0168 (decimal 360)
   defining Unicode char U+0169 (decimal 361)
   defining Unicode char U+016A (decimal 362)
   defining Unicode char U+016B (decimal 363)
   defining Unicode char U+016C (decimal 364)
   defining Unicode char U+016D (decimal 365)
   defining Unicode char U+016E (decimal 366)
   defining Unicode char U+016F (decimal 367)
   defining Unicode char U+0170 (decimal 368)
   defining Unicode char U+0171 (decimal 369)
   defining Unicode char U+0172 (decimal 370)
   defining Unicode char U+0173 (decimal 371)
   defining Unicode char U+0174 (decimal 372)
   defining Unicode char U+0175 (decimal 373)
   defining Unicode char U+0176 (decimal 374)
   defining Unicode char U+0177 (decimal 375)
   defining Unicode char U+0178 (decimal 376)
   defining Unicode char U+0179 (decimal 377)
   defining Unicode char U+017A (decimal 378)
   defining Unicode char U+017B (decimal 379)
   defining Unicode char U+017C (decimal 380)
   defining Unicode char U+017D (decimal 381)
   defining Unicode char U+017E (decimal 382)
   defining Unicode char U+01CD (decimal 461)
   defining Unicode char U+01CE (decimal 462)
   defining Unicode char U+01CF (decimal 463)
   defining Unicode char U+01D0 (decimal 464)
   defining Unicode char U+01D1 (decimal 465)
   defining Unicode char U+01D2 (decimal 466)
   defining Unicode char U+01D3 (decimal 467)
   defining Unicode char U+01D4 (decimal 468)
   defining Unicode char U+01E2 (decimal 482)
   defining Unicode char U+01E3 (decimal 483)
   defining Unicode char U+01E6 (decimal 486)
   defining Unicode char U+01E7 (decimal 487)
   defining Unicode char U+01E8 (decimal 488)
   defining Unicode char U+01E9 (decimal 489)
   defining Unicode char U+01EA (decimal 490)
   defining Unicode char U+01EB (decimal 491)
   defining Unicode char U+01F0 (decimal 496)
   defining Unicode char U+01F4 (decimal 500)
   defining Unicode char U+01F5 (decimal 501)
   defining Unicode char U+0218 (decimal 536)
   defining Unicode char U+0219 (decimal 537)
   defining Unicode char U+021A (decimal 538)
   defining Unicode char U+021B (decimal 539)
   defining Unicode char U+01E02 (decimal 7682)
   defining Unicode char U+01E03 (decimal 7683)
   defining Unicode char U+200C (decimal 8204)
   defining Unicode char U+2013 (decimal 8211)
   defining Unicode char U+2014 (decimal 8212)
   defining Unicode char U+2018 (decimal 8216)
   defining Unicode char U+2019 (decimal 8217)
   defining Unicode char U+201A (decimal 8218)
   defining Unicode char U+201C (decimal 8220)
   defining Unicode char U+201D (decimal 8221)
   defining Unicode char U+201E (decimal 8222)
   defining Unicode char U+2030 (decimal 8240)
   defining Unicode char U+2031 (decimal 8241)
   defining Unicode char U+2039 (decimal 8249)
   defining Unicode char U+203A (decimal 8250)
   defining Unicode char U+2423 (decimal 9251)
)
Now handling font encoding OT1 ...
... processing UTF-8 mapping file for font encoding OT1

(/usr/share/texlive/texmf-dist/tex/latex/base/ot1enc.dfu
File: ot1enc.dfu 2015/12/03 v1.1r UTF-8 support for inputenc
   defining Unicode char U+00A0 (decimal 160)
   defining Unicode char U+00A1 (decimal 161)
   defining Unicode char U+00A3 (decimal 163)
   defining Unicode char U+00AD (decimal 173)
   defining Unicode char U+00B8 (decimal 184)
   defining Unicode char U+00BF (decimal 191)
   defining Unicode char U+00C5 (decimal 197)
   defining Unicode char U+00C6 (decimal 198)
   defining Unicode char U+00D8 (decimal 216)
   defining Unicode char U+00DF (decimal 223)
   defining Unicode char U+00E6 (decimal 230)
   defining Unicode char U+00EC (decimal 236)
   defining Unicode char U+00ED (decimal 237)
   defining Unicode char U+00EE (decimal 238)
   defining Unicode char U+00EF (decimal 239)
   defining Unicode char U+00F8 (decimal 248)
   defining Unicode char U+0131 (decimal 305)
   defining Unicode char U+0141 (decimal 321)
   defining Unicode char U+0142 (decimal 322)
   defining Unicode char U+0152 (decimal 338)
   defining Unicode char U+0153 (decimal 339)
   defining Unicode char U+0174 (decimal 372)
   defining Unicode char U+0175 (decimal 373)
   defining Unicode char U+0176 (decimal 374)
   defining Unicode char U+0177 (decimal 375)
   defining Unicode char U+0218 (decimal 536)
   defining Unicode char U+0219 (decimal 537)
   defining Unicode char U+021A (decimal 538)
   defining Unicode char U+021B (decimal 539)
   defining Unicode char U+2013 (decimal 8211)
   defining Unicode char U+2014 (decimal 8212)
   defining Unicode char U+2018 (decimal 8216)
   defining Unicode char U+2019 (decimal 8217)
   defining Unicode char U+201C (decimal 8220)
   defining Unicode char U+201D (decimal 8221)
)
Now handling font encoding OMS ...
... processing UTF-8 mapping file for font encoding OMS

(/usr/share/texlive/texmf-dist/tex/latex/base/omsenc.dfu
File: omsenc.dfu 2015/12/03 v1.1r UTF-8 support for inputenc
   defining Unicode char U+00A7 (decimal 167)
   defining Unicode char U+00B6 (decimal 182)
   defining Unicode char U+00B7 (decimal 183)
   defining Unicode char U+2020 (decimal 8224)
   defining Unicode char U+2021 (decimal 8225)
   defining Unicode char U+2022 (decimal 8226)
)
Now handling font encoding OMX ...
... no UTF-8 mapping file for font encoding OMX
Now handling font encoding U ...
... no UTF-8 mapping file for font encoding U
   defining Unicode char U+00A9 (decimal 169)
   defining Unicode char U+00AA (decimal 170)
   defining Unicode char U+00AE (decimal 174)
   defining Unicode char U+00BA (decimal 186)
   defining Unicode char U+02C6 (decimal 710)
   defining Unicode char U+02DC (decimal 732)
   defining Unicode char U+200C (decimal 8204)
   defining Unicode char U+2026 (decimal 8230)
   defining Unicode char U+2122 (decimal 8482)
   defining Unicode char U+2423 (decimal 9251)
))
(/usr/share/texlive/texmf-dist/tex/generic/babel/babel.sty
Package: babel 2016/02/24 3.9q The Babel package

(/usr/share/texlive/texmf-dist/tex/generic/babel-english/english.ldf
Language: english 2012/08/20 v3.3p English support from the babel system

(/usr/share/texlive/texmf-dist/tex/generic/babel/babel.def
File: babel.def 2016/02/24 3.9q Babel common definitions
\babel@savecnt=\count87
\U@D=\dimen103
)
\l@canadian = a dialect from \language\l@american 
\l@australian = a dialect from \language\l@british 
\l@newzealand = a dialect from \language\l@british 
)
(/usr/share/texlive/texmf-dist/tex/generic/babel-russian/russianb.ldf
Language: russianb 2016/02/18 1.3h Russian support for the Babel system


Package babel Warning: No Cyrillic font encoding has been loaded so far.
(babel)                A font encoding should be declared before babel.
(babel)                Default `T2A' encoding will be loaded  on input line 69.


(/usr/share/texlive/texmf-dist/tex/latex/cyrillic/t2aenc.def
File: t2aenc.def 2005/09/27 v1.0i Cyrillic encoding definition file
Now handling font encoding T2A ...
... processing UTF-8 mapping file for font encoding T2A

(/usr/share/texlive/texmf-dist/tex/latex/base/t2aenc.dfu
File: t2aenc.dfu 2015/12/03 v1.1r UTF-8 support for inputenc
   defining Unicode char U+00A4 (decimal 164)
   defining Unicode char U+00A7 (decimal 167)
   defining Unicode char U+00AB (decimal 171)
   defining Unicode char U+00BB (decimal 187)
   defining Unicode char U+0131 (decimal 305)
   defining Unicode char U+0400 (decimal 1024)
   defining Unicode char U+0401 (decimal 1025)
   defining Unicode char U+0402 (decimal 1026)
   defining Unicode char U+0403 (decimal 1027)
   defining Unicode char U+0404 (decimal 1028)
   defining Unicode char U+0405 (decimal 1029)
   defining Unicode char U+0406 (decimal 1030)
   defining Unicode char U+0407 (decimal 1031)
   defining Unicode char U+0408 (decimal 1032)
   defining Unicode char U+0409 (decimal 1033)
   defining Unicode char U+040A (decimal 1034)
   defining Unicode char U+040B (decimal 1035)
   defining Unicode char U+040C (decimal 1036)
   defining Unicode char U+040D (decimal 1037)
   defining Unicode char U+040E (decimal 1038)
   defining Unicode char U+040F (decimal 1039)
   defining Unicode char U+0410 (decimal 1040)
   defining Unicode char U+0411 (decimal 1041)
   defining Unicode char U+0412 (decimal 1042)
   defining Unicode char U+0413 (decimal 1043)
   defining Unicode char U+0414 (decimal 1044)
   defining Unicode char U+0415 (decimal 1045)
   defining Unicode char U+0416 (decimal 1046)
   defining Unicode char U+0417 (decimal 1047)
   defining Unicode char U+0418 (decimal 1048)
   defining Unicode char U+0419 (decimal 1049)
   defining Unicode char U+041A (decimal 1050)
   defining Unicode char U+041B (decimal 1051)
   defining Unicode char U+041C (decimal 1052)
   defining Unicode char U+041D (decimal 1053)
   defining Unicode char U+041E (decimal 1054)
   defining Unicode char U+041F (decimal 1055)
   defining Unicode char U+0420 (decimal 1056)
   defining Unicode char U+0421 (decimal 1057)
   defining Unicode char U+0422 (decimal 1058)
   defining Unicode char U+0423 (decimal 1059)
   defining Unicode char U+0424 (decimal 1060)
   defining Unicode char U+0425 (decimal 1061)
   defining Unicode char U+0426 (decimal 1062)
   defining Unicode char U+0427 (decimal 1063)
   defining Unicode char U+0428 (decimal 1064)
   defining Unicode char U+0429 (decimal 1065)
   defining Unicode char U+042A (decimal 1066)
   defining Unicode char U+042B (decimal 1067)
   defining Unicode char U+042C (decimal 1068)
   defining Unicode char U+042D (decimal 1069)
   defining Unicode char U+042E (decimal 1070)
   defining Unicode char U+042F (decimal 1071)
   defining Unicode char U+0430 (decimal 1072)
   defining Unicode char U+0431 (decimal 1073)
   defining Unicode char U+0432 (decimal 1074)
   defining Unicode char U+0433 (decimal 1075)
   defining Unicode char U+0434 (decimal 1076)
   defining Unicode char U+0435 (decimal 1077)
   defining Unicode char U+0436 (decimal 1078)
   defining Unicode char U+0437 (decimal 1079)
   defining Unicode char U+0438 (decimal 1080)
   defining Unicode char U+0439 (decimal 1081)
   defining Unicode char U+043A (decimal 1082)
   defining Unicode char U+043B (decimal 1083)
   defining Unicode char U+043C (decimal 1084)
   defining Unicode char U+043D (decimal 1085)
   defining Unicode char U+043E (decimal 1086)
   defining Unicode char U+043F (decimal 1087)
   defining Unicode char U+0440 (decimal 1088)
   defining Unicode char U+0441 (decimal 1089)
   defining Unicode char U+0442 (decimal 1090)
   defining Unicode char U+0443 (decimal 1091)
   defining Unicode char U+0444 (decimal 1092)
   defining Unicode char U+0445 (decimal 1093)
   defining Unicode char U+0446 (decimal 1094)
   defining Unicode char U+0447 (decimal 1095)
   defining Unicode char U+0448 (decimal 1096)
   defining Unicode char U+0449 (decimal 1097)
   defining Unicode char U+044A (decimal 1098)
   defining Unicode char U+044B (decimal 1099)
   defining Unicode char U+044C (decimal 1100)
   defining Unicode char U+044D (decimal 1101)
   defining Unicode char U+044E (decimal 1102)
   defining Unicode char U+044F (decimal 1103)
   defining Unicode char U+0450 (decimal 1104)
   defining Unicode char U+0451 (decimal 1105)
   defining Unicode char U+0452 (decimal 1106)
   defining Unicode char U+0453 (decimal 1107)
   defining Unicode char U+0454 (decimal 1108)
   defining Unicode char U+0455 (decimal 1109)
   defining Unicode char U+0456 (decimal 1110)
   defining Unicode char U+0457 (decimal 1111)
   defining Unicode char U+0458 (decimal 1112)
   defining Unicode char U+0459 (decimal 1113)
   defining Unicode char U+045A (decimal 1114)
   defining Unicode char U+045B (decimal 1115)
   defining Unicode char U+045C (decimal 1116)
   defining Unicode char U+045D (decimal 1117)
   defining Unicode char U+045E (decimal 1118)
   defining Unicode char U+045F (decimal 1119)
   defining Unicode char U+0490 (decimal 1168)
   defining Unicode char U+0491 (decimal 1169)
   defining Unicode char U+0492 (decimal 1170)
   defining Unicode char U+0493 (decimal 1171)
   defining Unicode char U+0496 (decimal 1174)
   defining Unicode char U+0497 (decimal 1175)
   defining Unicode char U+0498 (decimal 1176)
   defining Unicode char U+0499 (decimal 1177)
   defining Unicode char U+049A (decimal 1178)
   defining Unicode char U+049B (decimal 1179)
   defining Unicode char U+049C (decimal 1180)
   defining Unicode char U+049D (decimal 1181)
   defining Unicode char U+04A0 (decimal 1184)
   defining Unicode char U+04A1 (decimal 1185)
   defining Unicode char U+04A2 (decimal 1186)
   defining Unicode char U+04A3 (decimal 1187)
   defining Unicode char U+04A4 (decimal 1188)
   defining Unicode char U+04A5 (decimal 1189)
   defining Unicode char U+04AA (decimal 1194)
   defining Unicode char U+04AB (decimal 1195)
   defining Unicode char U+04AE (decimal 1198)
   defining Unicode char U+04AF (decimal 1199)
   defining Unicode char U+04B0 (decimal 1200)
   defining Unicode char U+04B1 (decimal 1201)
   defining Unicode char U+04B2 (decimal 1202)
   defining Unicode char U+04B3 (decimal 1203)
   defining Unicode char U+04B6 (decimal 1206)
   defining Unicode char U+04B7 (decimal 1207)
   defining Unicode char U+04B8 (decimal 1208)
   defining Unicode char U+04B9 (decimal 1209)
   defining Unicode char U+04BA (decimal 1210)
   defining Unicode char U+04BB (decimal 1211)
   defining Unicode char U+04C0 (decimal 1216)
   defining Unicode char U+04C1 (decimal 1217)
   defining Unicode char U+04C2 (decimal 1218)
   defining Unicode char U+04D0 (decimal 1232)
   defining Unicode char U+04D1 (decimal 1233)
   defining Unicode char U+04D2 (decimal 1234)
   defining Unicode char U+04D3 (decimal 1235)
   defining Unicode char U+04D4 (decimal 1236)
   defining Unicode char U+04D5 (decimal 1237)
   defining Unicode char U+04D6 (decimal 1238)
   defining Unicode char U+04D7 (decimal 1239)
   defining Unicode char U+04D8 (decimal 1240)
   defining Unicode char U+04D9 (decimal 1241)
   defining Unicode char U+04DA (decimal 1242)
   defining Unicode char U+04DB (decimal 1243)
   defining Unicode char U+04DC (decimal 1244)
   defining Unicode char U+04DD (decimal 1245)
   defining Unicode char U+04DE (decimal 1246)
   defining Unicode char U+04DF (decimal 1247)
   defining Unicode char U+04E2 (decimal 1250)
   defining Unicode char U+04E3 (decimal 1251)
   defining Unicode char U+04E4 (decimal 1252)
   defining Unicode char U+04E5 (decimal 1253)
   defining Unicode char U+04E6 (decimal 1254)
   defining Unicode char U+04E7 (decimal 1255)
   defining Unicode char U+04E8 (decimal 1256)
   defining Unicode char U+04E9 (decimal 1257)
   defining Unicode char U+04EC (decimal 1260)
   defining Unicode char U+04ED (decimal 1261)
   defining Unicode char U+04EE (decimal 1262)
   defining Unicode char U+04EF (decimal 1263)
   defining Unicode char U+04F0 (decimal 1264)
   defining Unicode char U+04F1 (decimal 1265)
   defining Unicode char U+04F2 (decimal 1266)
   defining Unicode char U+04F3 (decimal 1267)
   defining Unicode char U+04F4 (decimal 1268)
   defining Unicode char U+04F5 (decimal 1269)
   defining Unicode char U+04F8 (decimal 1272)
   defining Unicode char U+04F9 (decimal 1273)
   defining Unicode char U+200C (decimal 8204)
   defining Unicode char U+2013 (decimal 8211)
   defining Unicode char U+2014 (decimal 8212)
   defining Unicode char U+2018 (decimal 8216)
   defining Unicode char U+2019 (decimal 8217)
   defining Unicode char U+201C (decimal 8220)
   defining Unicode char U+201D (decimal 8221)
   defining Unicode char U+201E (decimal 8222)
   defining Unicode char U+2030 (decimal 8240)
   defining Unicode char U+2031 (decimal 8241)
   defining Unicode char U+2116 (decimal 8470)
   defining Unicode char U+2329 (decimal 9001)
   defining Unicode char U+232A (decimal 9002)
   defining Unicode char U+2423 (decimal 9251)
))
Package babel Info: Making " an active character on input line 111.
))
(/usr/share/texlive/texmf-dist/tex/latex/base/fontenc.sty
Package: fontenc 2005/09/27 v1.99g Standard LaTeX package

(/usr/share/texlive/texmf-dist/tex/latex/cyrillic/t2aenc.def
File: t2aenc.def 2005/09/27 v1.0i Cyrillic encoding definition file
LaTeX Font Info:    Redeclaring font encoding T2A on input line 42.
)
LaTeX Font Info:    Try loading font information for T2A+cmr on input line 105.


(/usr/share/texlive/texmf-dist/tex/latex/cyrillic/t2acmr.fd
File: t2acmr.fd 2001/08/11 v1.0a Computer Modern Cyrillic font definitions
))
(/usr/share/texlive/texmf-dist/tex/latex/float/float.sty
Package: float 2001/11/08 v1.3d Float enhancements (AL)
\c@float@type=\count88
\float@exts=\toks16
\float@box=\box26
\@float@everytoks=\toks17
\@floatcapt=\box27
)
(/usr/share/texlive/texmf-dist/tex/latex/graphics/graphicx.sty
Package: graphicx 2014/10/28 v1.0g Enhanced LaTeX Graphics (DPC,SPQR)

(/usr/share/texlive/texmf-dist/tex/latex/graphics/keyval.sty
Package: keyval 2014/10/28 v1.15 key=value parser (DPC)
\KV@toks@=\toks18
)
(/usr/share/texlive/texmf-dist/tex/latex/graphics/graphics.sty
Package: graphics 2016/01/03 v1.0q Standard LaTeX Graphics (DPC,SPQR)

(/usr/share/texlive/texmf-dist/tex/latex/graphics/trig.sty
Package: trig 2016/01/03 v1.10 sin cos tan (DPC)
)
(/usr/share/texlive/texmf-dist/tex/latex/latexconfig/graphics.cfg
File: graphics.cfg 2010/04/23 v1.9 graphics configuration of TeX Live
)
Package graphics Info: Driver file: pdftex.def on input line 95.

(/usr/share/texlive/texmf-dist/tex/latex/pdftex-def/pdftex.def
File: pdftex.def 2011/05/27 v0.06d Graphics/color for pdfTeX

(/usr/share/texlive/texmf-dist/tex/generic/oberdiek/infwarerr.sty
Package: infwarerr 2010/04/08 v1.3 Providing info/warning/error messages (HO)
)
(/usr/share/texlive/texmf-dist/tex/generic/oberdiek/ltxcmds.sty
Package: ltxcmds 2011/11/09 v1.22 LaTeX kernel commands for general use (HO)
)
\Gread@gobject=\count89
))
\Gin@req@height=\dimen104
\Gin@req@width=\dimen105
)
(/usr/share/texlive/texmf-dist/tex/latex/pdfpages/pdfpages.sty
Package: pdfpages 2015/09/18 v0.5d Insert pages of external PDF documents (AM)

(/usr/share/texlive/texmf-dist/tex/latex/base/ifthen.sty
Package: ifthen 2014/09/29 v1.1c Standard LaTeX ifthen package (DPC)
)
(/usr/share/texlive/texmf-dist/tex/latex/tools/calc.sty
Package: calc 2014/10/28 v4.3 Infix arithmetic (KKT,FJ)
\calc@Acount=\count90
\calc@Bcount=\count91
\calc@Adimen=\dimen106
\calc@Bdimen=\dimen107
\calc@Askip=\skip43
\calc@Bskip=\skip44
LaTeX Info: Redefining \setlength on input line 80.
LaTeX Info: Redefining \addtolength on input line 81.
\calc@Ccount=\count92
\calc@Cskip=\skip45
)
(/usr/share/texlive/texmf-dist/tex/latex/eso-pic/eso-pic.sty
Package: eso-pic 2015/07/21 v2.0g eso-pic (RN)

(/usr/share/texlive/texmf-dist/tex/generic/oberdiek/atbegshi.sty
Package: atbegshi 2011/10/05 v1.16 At begin shipout hook (HO)

(/usr/share/texlive/texmf-dist/tex/generic/oberdiek/ifpdf.sty
Package: ifpdf 2011/01/30 v2.3 Provides the ifpdf switch (HO)
Package ifpdf Info: pdfTeX in PDF mode is detected.
))
(/usr/share/texlive/texmf-dist/tex/latex/xcolor/xcolor.sty
Package: xcolor 2007/01/21 v2.11 LaTeX color extensions (UK)

(/usr/share/texlive/texmf-dist/tex/latex/latexconfig/color.cfg
File: color.cfg 2007/01/18 v1.5 color configuration of teTeX/TeXLive
)
Package xcolor Info: Driver file: pdftex.def on input line 225.
Package xcolor Info: Model `cmy' substituted by `cmy0' on input line 1337.
Package xcolor Info: Model `hsb' substituted by `rgb' on input line 1341.
Package xcolor Info: Model `RGB' extended on input line 1353.
Package xcolor Info: Model `HTML' substituted by `rgb' on input line 1355.
Package xcolor Info: Model `Hsb' substituted by `hsb' on input line 1356.
Package xcolor Info: Model `tHsb' substituted by `hsb' on input line 1357.
Package xcolor Info: Model `HSB' substituted by `hsb' on input line 1358.
Package xcolor Info: Model `Gray' substituted by `gray' on input line 1359.
Package xcolor Info: Model `wave' substituted by `hsb' on input line 1360.
))
\AM@pagewidth=\dimen108
\AM@pageheight=\dimen109

(/usr/share/texlive/texmf-dist/tex/latex/pdfpages/pppdftex.def
File: pppdftex.def 2015/09/18 v0.5d Pdfpages driver for pdfTeX (AM)
)
\AM@pagebox=\box28
\AM@toc@title=\toks19
\c@AM@survey=\count93
\AM@templatesizebox=\box29
)
(/usr/share/texlive/texmf-dist/tex/latex/base/latexsym.sty
Package: latexsym 1998/08/17 v2.2e Standard LaTeX package (lasy symbols)
\symlasy=\mathgroup4
LaTeX Font Info:    Overwriting symbol font `lasy' in version `bold'
(Font)                  U/lasy/m/n --> U/lasy/b/n on input line 52.
)
(/usr/share/texlive/texmf-dist/tex/latex/amsmath/amsmath.sty
Package: amsmath 2016/03/03 v2.15a AMS math features
\@mathmargin=\skip46

For additional information on amsmath, use the `?' option.
(/usr/share/texlive/texmf-dist/tex/latex/amsmath/amstext.sty
Package: amstext 2000/06/29 v2.01 AMS text

(/usr/share/texlive/texmf-dist/tex/latex/amsmath/amsgen.sty
File: amsgen.sty 1999/11/30 v2.0 generic functions
\@emptytoks=\toks20
\ex@=\dimen110
))
(/usr/share/texlive/texmf-dist/tex/latex/amsmath/amsbsy.sty
Package: amsbsy 1999/11/29 v1.2d Bold Symbols
\pmbraise@=\dimen111
)
(/usr/share/texlive/texmf-dist/tex/latex/amsmath/amsopn.sty
Package: amsopn 1999/12/14 v2.01 operator names
)
\inf@bad=\count94
LaTeX Info: Redefining \frac on input line 199.
\uproot@=\count95
\leftroot@=\count96
LaTeX Info: Redefining \overline on input line 297.
\classnum@=\count97
\DOTSCASE@=\count98
LaTeX Info: Redefining \ldots on input line 394.
LaTeX Info: Redefining \dots on input line 397.
LaTeX Info: Redefining \cdots on input line 518.
\Mathstrutbox@=\box30
\strutbox@=\box31
\big@size=\dimen112
LaTeX Font Info:    Redeclaring font encoding OML on input line 630.
LaTeX Font Info:    Redeclaring font encoding OMS on input line 631.
\macc@depth=\count99
\c@MaxMatrixCols=\count100
\dotsspace@=\muskip10
\c@parentequation=\count101
\dspbrk@lvl=\count102
\tag@help=\toks21
\row@=\count103
\column@=\count104
\maxfields@=\count105
\andhelp@=\toks22
\eqnshift@=\dimen113
\alignsep@=\dimen114
\tagshift@=\dimen115
\tagwidth@=\dimen116
\totwidth@=\dimen117
\lineht@=\dimen118
\@envbody=\toks23
\multlinegap=\skip47
\multlinetaggap=\skip48
\mathdisplay@stack=\toks24
LaTeX Info: Redefining \[ on input line 2735.
LaTeX Info: Redefining \] on input line 2736.
)
(/usr/share/texlive/texmf-dist/tex/latex/amsfonts/amssymb.sty
Package: amssymb 2013/01/14 v3.01 AMS font symbols

(/usr/share/texlive/texmf-dist/tex/latex/amsfonts/amsfonts.sty
Package: amsfonts 2013/01/14 v3.01 Basic AMSFonts support
\symAMSa=\mathgroup5
\symAMSb=\mathgroup6
LaTeX Font Info:    Overwriting math alphabet `\mathfrak' in version `bold'
(Font)                  U/euf/m/n --> U/euf/b/n on input line 106.
))
\originalVOffset=\skip49
\originalHOffset=\skip50
) (./main.aux)
\openout1 = `main.aux'.

LaTeX Font Info:    Checking defaults for OML/cmm/m/it on input line 3.
LaTeX Font Info:    ... okay on input line 3.
LaTeX Font Info:    Checking defaults for T1/cmr/m/n on input line 3.
LaTeX Font Info:    ... okay on input line 3.
LaTeX Font Info:    Checking defaults for OT1/cmr/m/n on input line 3.
LaTeX Font Info:    ... okay on input line 3.
LaTeX Font Info:    Checking defaults for OMS/cmsy/m/n on input line 3.
LaTeX Font Info:    ... okay on input line 3.
LaTeX Font Info:    Checking defaults for OMX/cmex/m/n on input line 3.
LaTeX Font Info:    ... okay on input line 3.
LaTeX Font Info:    Checking defaults for U/cmr/m/n on input line 3.
LaTeX Font Info:    ... okay on input line 3.
LaTeX Font Info:    Checking defaults for T2A/cmr/m/n on input line 3.
LaTeX Font Info:    ... okay on input line 3.

(/usr/share/texlive/texmf-dist/tex/context/base/supp-pdf.mkii
[Loading MPS to PDF converter (version 2006.09.02).]
\scratchcounter=\count106
\scratchdimen=\dimen119
\scratchbox=\box32
\nofMPsegments=\count107
\nofMParguments=\count108
\everyMPshowfont=\toks25
\MPscratchCnt=\count109
\MPscratchDim=\dimen120
\MPnumerator=\count110
\makeMPintoPDFobject=\count111
\everyMPtoPDFconversion=\toks26
) (/usr/share/texlive/texmf-dist/tex/generic/oberdiek/pdftexcmds.sty
Package: pdftexcmds 2011/11/29 v0.20 Utility functions of pdfTeX for LuaTeX (HO
)

(/usr/share/texlive/texmf-dist/tex/generic/oberdiek/ifluatex.sty
Package: ifluatex 2010/03/01 v1.3 Provides the ifluatex switch (HO)
Package ifluatex Info: LuaTeX not detected.
)
Package pdftexcmds Info: LuaTeX not detected.
Package pdftexcmds Info: \pdf@primitive is available.
Package pdftexcmds Info: \pdf@ifprimitive is available.
Package pdftexcmds Info: \pdfdraftmode found.
)
(/usr/share/texlive/texmf-dist/tex/latex/oberdiek/epstopdf-base.sty
Package: epstopdf-base 2010/02/09 v2.5 Base part for package epstopdf

(/usr/share/texlive/texmf-dist/tex/latex/oberdiek/grfext.sty
Package: grfext 2010/08/19 v1.1 Manage graphics extensions (HO)

(/usr/share/texlive/texmf-dist/tex/generic/oberdiek/kvdefinekeys.sty
Package: kvdefinekeys 2011/04/07 v1.3 Define keys (HO)
))
(/usr/share/texlive/texmf-dist/tex/latex/oberdiek/kvoptions.sty
Package: kvoptions 2011/06/30 v3.11 Key value format for package options (HO)

(/usr/share/texlive/texmf-dist/tex/generic/oberdiek/kvsetkeys.sty
Package: kvsetkeys 2012/04/25 v1.16 Key value parser (HO)

(/usr/share/texlive/texmf-dist/tex/generic/oberdiek/etexcmds.sty
Package: etexcmds 2011/02/16 v1.5 Avoid name clashes with e-TeX commands (HO)
Package etexcmds Info: Could not find \expanded.
(etexcmds)             That can mean that you are not using pdfTeX 1.50 or
(etexcmds)             that some package has redefined \expanded.
(etexcmds)             In the latter case, load this package earlier.
)))
Package grfext Info: Graphics extension search list:
(grfext)             [.png,.pdf,.jpg,.mps,.jpeg,.jbig2,.jb2,.PNG,.PDF,.JPG,.JPE
G,.JBIG2,.JB2,.eps]
(grfext)             \AppendGraphicsExtensions on input line 452.

(/usr/share/texlive/texmf-dist/tex/latex/latexconfig/epstopdf-sys.cfg
File: epstopdf-sys.cfg 2010/07/13 v1.3 Configuration of (r)epstopdf for TeX Liv
e
))
\AtBeginShipoutBox=\box33

(/usr/share/texlive/texmf-dist/tex/latex/oberdiek/pdflscape.sty
Package: pdflscape 2008/08/11 v0.10 Display of landscape pages in PDF (HO)

(/usr/share/texlive/texmf-dist/tex/latex/graphics/lscape.sty
Package: lscape 2000/10/22 v3.01 Landscape Pages (DPC)
)
Package pdflscape Info: Auto-detected driver: pdftex on input line 80.

(/usr/share/texlive/texmf-dist/tex/generic/ifxetex/ifxetex.sty
Package: ifxetex 2010/09/12 v0.6 Provides ifxetex conditional
))
(./sources/ruslan/report.tex
LaTeX Font Info:    Try loading font information for OMS+cmr on input line 5.

(/usr/share/texlive/texmf-dist/tex/latex/base/omscmr.fd
File: omscmr.fd 2014/09/29 v2.5h Standard LaTeX font definitions
)
LaTeX Font Info:    Font shape `OMS/cmr/m/n' in size <12> not available
(Font)              Font shape `OMS/cmsy/m/n' tried instead on input line 5.

Underfull \hbox (badness 10000) in paragraph at lines 17--18

 []


Underfull \hbox (badness 10000) in paragraph at lines 19--20

 []


Underfull \hbox (badness 10000) in paragraph at lines 21--22

 []

[1

{/var/lib/texmf/fonts/map/pdftex/updmap/pdftex.map}]
LaTeX Font Info:    Try loading font information for U+lasy on input line 23.

(/usr/share/texlive/texmf-dist/tex/latex/base/ulasy.fd
File: ulasy.fd 1998/08/17 v2.2e LaTeX symbol font definitions
)
LaTeX Font Info:    Try loading font information for U+msa on input line 23.

(/usr/share/texlive/texmf-dist/tex/latex/amsfonts/umsa.fd
File: umsa.fd 2013/01/14 v3.01 AMS symbols A
)
LaTeX Font Info:    Try loading font information for U+msb on input line 23.

(/usr/share/texlive/texmf-dist/tex/latex/amsfonts/umsb.fd
File: umsb.fd 2013/01/14 v3.01 AMS symbols B
)
<pics/ruslan/1.png, id=10, 910.90312pt x 522.45187pt>
File: pics/ruslan/1.png Graphic file (type png)
 <use pics/ruslan/1.png>
Package pdftex.def Info: pics/ruslan/1.png used on input line 56.
(pdftex.def)             Requested size: 455.24408pt x 261.11368pt.

<pics/ruslan/2.png, id=11, 696.6025pt x 430.60875pt>
File: pics/ruslan/2.png Graphic file (type png)
 <use pics/ruslan/2.png>
Package pdftex.def Info: pics/ruslan/2.png used on input line 58.
(pdftex.def)             Requested size: 412.56496pt x 255.02939pt.

Overfull \hbox (82.8689pt too wide) in paragraph at lines 56--60
[][]
 []


Overfull \hbox (22.56496pt too wide) in paragraph at lines 56--60
[]
 []

[2] [3 <./pics/ruslan/1.png> <./pics/ruslan/2.png>]
<pics/ruslan/3.png, id=24, 588.1975pt x 401.5pt>
File: pics/ruslan/3.png Graphic file (type png)
 <use pics/ruslan/3.png>
Package pdftex.def Info: pics/ruslan/3.png used on input line 65.
(pdftex.def)             Requested size: 412.56496pt x 281.61783pt.

Overfull \hbox (40.18977pt too wide) in paragraph at lines 65--66
[][] 
 []

[4 <./pics/ruslan/3.png>]
Overfull \hbox (1.90024pt too wide) in paragraph at lines 75--76
[]\T2A/cmr/m/n/12 Потеря при про-да-же квар-ти-ры (из-за сни-же-ния цен на жи-л
ье)   10%,
 []

) [5] (./sources/slava/report.tex
Overfull \hbox (9.15002pt too wide) in paragraph at lines 1--1
[]\T2A/cmr/bx/n/17.28 Назаренко Вя-че-слав - Ин-ди-ви-ду-аль-ный Ин-
 []


Underfull \hbox (badness 10000) in paragraph at lines 2--3

 []

[6] [7]
<pics/slava/iis-dec-2016-allbrokers-1-1.jpg, id=40, 662.9568pt x 397.9668pt>
File: pics/slava/iis-dec-2016-allbrokers-1-1.jpg Graphic file (type jpg)

<use pics/slava/iis-dec-2016-allbrokers-1-1.jpg>
Package pdftex.def Info: pics/slava/iis-dec-2016-allbrokers-1-1.jpg used on inp
ut line 55.
(pdftex.def)             Requested size: 312.00119pt x 187.29338pt.
 [8 <./pics/slava/iis-dec-2016-allbrokers-1-1.jpg>]
<pics/slava/Sberbank_-_Tarify.pdf, id=44, 597.19106pt x 845.07718pt>
File: pics/slava/Sberbank_-_Tarify.pdf Graphic file (type pdf)

<use pics/slava/Sberbank_-_Tarify.pdf>
Package pdftex.def Info: pics/slava/Sberbank_-_Tarify.pdf used on input line 69
.
(pdftex.def)             Requested size: 597.1896pt x 845.07512pt.
File: pics/slava/Sberbank_-_Tarify.pdf Graphic file (type pdf)
 <use pics/slava/Sberbank_-_Tarify.pdf>
Package pdftex.def Info: pics/slava/Sberbank_-_Tarify.pdf used on input line 69
.
(pdftex.def)             Requested size: 597.1896pt x 845.07512pt.

<pics/slava/Sberbank_-_Tarify.pdf, id=47, page=1, 597.19106pt x 845.07718pt>
File: pics/slava/Sberbank_-_Tarify.pdf Graphic file (type pdf)

<use pics/slava/Sberbank_-_Tarify.pdf, page 1>
Package pdftex.def Info: pics/slava/Sberbank_-_Tarify.pdf, page1 used on input 
line 69.
(pdftex.def)             Requested size: 597.1896pt x 845.07512pt.
File: pics/slava/Sberbank_-_Tarify.pdf Graphic file (type pdf)

<use pics/slava/Sberbank_-_Tarify.pdf, page 1>
Package pdftex.def Info: pics/slava/Sberbank_-_Tarify.pdf, page1 used on input 
line 69.
(pdftex.def)             Requested size: 561.82442pt x 795.0303pt.
 [9]
File: pics/slava/Sberbank_-_Tarify.pdf Graphic file (type pdf)

<use pics/slava/Sberbank_-_Tarify.pdf, page 1>
Package pdftex.def Info: pics/slava/Sberbank_-_Tarify.pdf, page1 used on input 
line 69.
(pdftex.def)             Requested size: 561.82442pt x 795.0303pt.
File: pics/slava/Sberbank_-_Tarify.pdf Graphic file (type pdf)

<use pics/slava/Sberbank_-_Tarify.pdf, page 1>
Package pdftex.def Info: pics/slava/Sberbank_-_Tarify.pdf, page1 used on input 
line 69.
(pdftex.def)             Requested size: 561.82442pt x 795.0303pt.
File: pics/slava/Sberbank_-_Tarify.pdf Graphic file (type pdf)

<use pics/slava/Sberbank_-_Tarify.pdf, page 1>
Package pdftex.def Info: pics/slava/Sberbank_-_Tarify.pdf, page1 used on input 
line 69.
(pdftex.def)             Requested size: 561.82442pt x 795.0303pt.
 [10 <./pics/slava/Sberbank_-_Tarify.pdf

pdfTeX warning: /usr/bin/pdflatex (file ./pics/slava/Sberbank_-_Tarify.pdf): PD
F inclusion: invalid other resource which is no dict (key 'ProcSets', type <arr
ay>); ignored.
>]
Overfull \hbox (9.08035pt too wide) in paragraph at lines 82--83
[]\T2A/cmr/m/n/12 За опе-ра-ции на фон-до-вом рын-ке бро-ке-ром взи-ма-ет-ся ко
-мис-сия 0.0354%. 
 []

[11] <pics/slava/bks-tarif.png, id=69, 1067.99pt x 624.3325pt>
File: pics/slava/bks-tarif.png Graphic file (type png)

<use pics/slava/bks-tarif.png>
Package pdftex.def Info: pics/slava/bks-tarif.png used on input line 111.
(pdftex.def)             Requested size: 312.00119pt x 182.3855pt.
 [12 <./pics/slava/bks-tarif.png>]
<pics/slava/alpha-tarif.png, id=73, 1130.2225pt x 540.0175pt>
File: pics/slava/alpha-tarif.png Graphic file (type png)

<use pics/slava/alpha-tarif.png>
Package pdftex.def Info: pics/slava/alpha-tarif.png used on input line 124.
(pdftex.def)             Requested size: 312.00119pt x 149.0697pt.
 [13 <./pics/slava/alpha-tarif.png>]
<pics/slava/vtb-tarif.png, id=78, 714.67pt x 607.26875pt>
File: pics/slava/vtb-tarif.png Graphic file (type png)

<use pics/slava/vtb-tarif.png>
Package pdftex.def Info: pics/slava/vtb-tarif.png used on input line 144.
(pdftex.def)             Requested size: 312.00119pt x 265.11418pt.
 [14 <./pics/slava/vtb-tarif.png>]
Overfull \hbox (97.09459pt too wide) in paragraph at lines 149--169
[]
 []


Underfull \hbox (badness 10000) in paragraph at lines 149--169

 []


Underfull \hbox (badness 10000) in paragraph at lines 177--185

 []

[15]
Underfull \hbox (badness 10000) in paragraph at lines 190--208

 []


Overfull \hbox (67.68001pt too wide) in paragraph at lines 212--217
\OML/cmm/m/it/12 TotalEndFunds \OT1/cmr/m/n/12 = (((((\OML/cmm/m/it/12 AnnualIn
vestments \OMS/cmsy/m/n/12 ^^@ \OML/cmm/m/it/12 Taxes\OT1/cmr/m/n/12 ) \OMS/cms
y/m/n/12 ^^B \OT1/cmr/m/n/12 1\OML/cmm/m/it/12 :\OT1/cmr/m/n/12 1132 + \OML/cmm
/m/it/12 AnnualTaxDeductions \OT1/cmr/m/n/12 +
 []


Overfull \hbox (59.36288pt too wide) in paragraph at lines 212--217
\OML/cmm/m/it/12 AnnualInvestments \OMS/cmsy/m/n/12 ^^@ \OML/cmm/m/it/12 Taxes\
OT1/cmr/m/n/12 ) \OMS/cmsy/m/n/12 ^^B \OT1/cmr/m/n/12 1\OML/cmm/m/it/12 :\OT1/c
mr/m/n/12 1132 + \OML/cmm/m/it/12 AnnualTaxDeductions \OT1/cmr/m/n/12 + \OML/cm
m/m/it/12 AnnualInvestments \OMS/cmsy/m/n/12 ^^@
 []

[16]
Overfull \hbox (130.00371pt too wide) in paragraph at lines 221--321
[] 
 []


Underfull \hbox (badness 10000) in paragraph at lines 221--321

 []


Underfull \hbox (badness 10000) in paragraph at lines 221--321

 []


Overfull \hbox (130.00371pt too wide) in paragraph at lines 221--321
[] 
 []


Underfull \hbox (badness 10000) in paragraph at lines 221--321

 []


Underfull \hbox (badness 10000) in paragraph at lines 221--321

 []


Overfull \hbox (130.00371pt too wide) in paragraph at lines 221--321
[] 
 []


Underfull \hbox (badness 10000) in paragraph at lines 221--321

 []


Underfull \hbox (badness 10000) in paragraph at lines 221--321

 []


Overfull \hbox (130.00371pt too wide) in paragraph at lines 221--321
[] 
 []


Underfull \hbox (badness 10000) in paragraph at lines 221--321

 []


Underfull \hbox (badness 10000) in paragraph at lines 221--321

 []


Overfull \hbox (130.00371pt too wide) in paragraph at lines 221--321
[] 
 []


Underfull \hbox (badness 10000) in paragraph at lines 221--321

 []


Underfull \hbox (badness 10000) in paragraph at lines 221--321

 []


Underfull \hbox (badness 10000) in paragraph at lines 221--321

 []

[17]
Underfull \hbox (badness 10000) in paragraph at lines 322--325

 []


Overfull \hbox (3.18365pt too wide) in paragraph at lines 328--329
[]\T2A/cmr/bx/n/12 Итоговый объ-ем де-неж-ных средств в руб-лях  \T2A/cmr/m/n/1
2 со-ста-вит $\OT1/cmr/m/n/12 7200000 +
 []

) [18] (./sources/alina/economics.tex
Overfull \hbox (17.09958pt too wide) in paragraph at lines 16--25
 [] 
 []

[19] <pics/alina/china.png, id=102, 526.21594pt x 276.28218pt>
File: pics/alina/china.png Graphic file (type png)

<use pics/alina/china.png>
Package pdftex.def Info: pics/alina/china.png used on input line 62.
(pdftex.def)             Requested size: 455.24408pt x 239.03137pt.

Overfull \hbox (82.8689pt too wide) in paragraph at lines 62--63
[][] 
 []

[20] <pics/alina/usa.png, id=106, 527.72156pt x 274.02374pt>
File: pics/alina/usa.png Graphic file (type png)

<use pics/alina/usa.png>
Package pdftex.def Info: pics/alina/usa.png used on input line 81.
(pdftex.def)             Requested size: 455.24408pt x 236.38754pt.

Overfull \hbox (82.8689pt too wide) in paragraph at lines 81--82
[][] 
 []

[21 <./pics/alina/china.png>]
<pics/alina/usait.png, id=110, 520.94624pt x 282.30469pt>
File: pics/alina/usait.png Graphic file (type png)

<use pics/alina/usait.png>
Package pdftex.def Info: pics/alina/usait.png used on input line 100.
(pdftex.def)             Requested size: 455.24408pt x 246.70152pt.

Overfull \hbox (82.8689pt too wide) in paragraph at lines 100--101
[][] 
 []

[22 <./pics/alina/usa.png>]
<pics/alina/germany.png, id=114, 526.96875pt x 274.77657pt>
File: pics/alina/germany.png Graphic file (type png)

<use pics/alina/germany.png>
Package pdftex.def Info: pics/alina/germany.png used on input line 119.
(pdftex.def)             Requested size: 455.24408pt x 237.38914pt.

Overfull \hbox (82.8689pt too wide) in paragraph at lines 119--120
[][] 
 []

[23 <./pics/alina/usait.png>]
<pics/alina/japan.png, id=118, 526.96875pt x 279.29344pt>
File: pics/alina/japan.png Graphic file (type png)

<use pics/alina/japan.png>
Package pdftex.def Info: pics/alina/japan.png used on input line 138.
(pdftex.def)             Requested size: 455.24408pt x 241.29144pt.

Overfull \hbox (82.8689pt too wide) in paragraph at lines 138--139
[][] 
 []

[24 <./pics/alina/germany.png>]
<pics/alina/australia.png, id=122, 524.71031pt x 277.78781pt>
File: pics/alina/australia.png Graphic file (type png)

<use pics/alina/australia.png>
Package pdftex.def Info: pics/alina/australia.png used on input line 157.
(pdftex.def)             Requested size: 455.24408pt x 241.02066pt.

Overfull \hbox (82.8689pt too wide) in paragraph at lines 157--158
[][] 
 []

[25 <./pics/alina/japan.png>]
<pics/alina/uk.png, id=127, 526.21594pt x 277.78781pt>
File: pics/alina/uk.png Graphic file (type png)
 <use pics/alina/uk.png>
Package pdftex.def Info: pics/alina/uk.png used on input line 176.
(pdftex.def)             Requested size: 455.24408pt x 240.334pt.

Overfull \hbox (82.8689pt too wide) in paragraph at lines 176--177
[][] 
 []

[26 <./pics/alina/australia.png>]
<pics/alina/kz.png, id=131, 528.47438pt x 275.52937pt>
File: pics/alina/kz.png Graphic file (type png)
 <use pics/alina/kz.png>
Package pdftex.def Info: pics/alina/kz.png used on input line 192.
(pdftex.def)             Requested size: 455.24408pt x 237.35002pt.

Overfull \hbox (82.8689pt too wide) in paragraph at lines 192--193
[][] 
 []

[27 <./pics/alina/uk.png>] [28 <./pics/alina/kz.png>] [29]
<pics/alina/cerih_invest.png, id=141, 837.1275pt x 328.22626pt>
File: pics/alina/cerih_invest.png Graphic file (type png)

<use pics/alina/cerih_invest.png>
Package pdftex.def Info: pics/alina/cerih_invest.png used on input line 263.
(pdftex.def)             Requested size: 455.24408pt x 178.49161pt.

Overfull \hbox (82.8689pt too wide) in paragraph at lines 263--264
[][] 
 []

[30 <./pics/alina/cerih_invest.png>] [31] [32]) [33]
(./sources/nikita/report.tex
Underfull \hbox (badness 10000) in paragraph at lines 2--3

 []


Underfull \hbox (badness 10000) in paragraph at lines 9--13

 []


Underfull \hbox (badness 10000) in paragraph at lines 16--20

 []

[34]
Overfull \hbox (1.89328pt too wide) in paragraph at lines 25--26
\T2A/cmr/m/n/12 Наверняка у боль-шин-ства лю-дей ев-ро-пей-ские бан-ки ас-со-ци
-и-ру-ют-ся имен-
 []

<pics/nikita/europ.png, id=158, 742.775pt x 882.29625pt>
File: pics/nikita/europ.png Graphic file (type png)

<use pics/nikita/europ.png>
Package pdftex.def Info: pics/nikita/europ.png used on input line 42.
(pdftex.def)             Requested size: 455.24408pt x 540.77132pt.

Overfull \hbox (82.8689pt too wide) in paragraph at lines 42--43
[][] 
 []

[35] [36 <./pics/nikita/europ.png>]
Underfull \hbox (badness 10000) in paragraph at lines 47--50

 []


Underfull \hbox (badness 10000) in paragraph at lines 47--50

 []

<pics/nikita/latvia.png, id=165, 725.71124pt x 503.8825pt>
File: pics/nikita/latvia.png Graphic file (type png)

<use pics/nikita/latvia.png>
Package pdftex.def Info: pics/nikita/latvia.png used on input line 51.
(pdftex.def)             Requested size: 455.24408pt x 316.09445pt.

Overfull \hbox (82.8689pt too wide) in paragraph at lines 51--52
[][] 
 []

[37 <./pics/nikita/latvia.png>]) [38]
<pics/emil/hedge_funds.pdf, id=173, 597.51233pt x 845.0471pt>
File: pics/emil/hedge_funds.pdf Graphic file (type pdf)

<use pics/emil/hedge_funds.pdf>
Package pdftex.def Info: pics/emil/hedge_funds.pdf used on input line 12.
(pdftex.def)             Requested size: 597.51086pt x 845.04504pt.
File: pics/emil/hedge_funds.pdf Graphic file (type pdf)
 <use pics/emil/hedge_funds.pdf>
Package pdftex.def Info: pics/emil/hedge_funds.pdf used on input line 12.
(pdftex.def)             Requested size: 597.51086pt x 845.04504pt.

<pics/emil/hedge_funds.pdf, id=176, page=1, 597.51233pt x 845.0471pt>
File: pics/emil/hedge_funds.pdf Graphic file (type pdf)

<use pics/emil/hedge_funds.pdf, page 1>
Package pdftex.def Info: pics/emil/hedge_funds.pdf, page1 used on input line 12
.
(pdftex.def)             Requested size: 597.51086pt x 845.04504pt.
File: pics/emil/hedge_funds.pdf Graphic file (type pdf)

<use pics/emil/hedge_funds.pdf, page 1>
Package pdftex.def Info: pics/emil/hedge_funds.pdf, page1 used on input line 12
.
(pdftex.def)             Requested size: 562.12665pt x 795.00201pt.
File: pics/emil/hedge_funds.pdf Graphic file (type pdf)

<use pics/emil/hedge_funds.pdf, page 1>
Package pdftex.def Info: pics/emil/hedge_funds.pdf, page1 used on input line 12
.
(pdftex.def)             Requested size: 562.12665pt x 795.00201pt.
File: pics/emil/hedge_funds.pdf Graphic file (type pdf)

<use pics/emil/hedge_funds.pdf, page 1>
Package pdftex.def Info: pics/emil/hedge_funds.pdf, page1 used on input line 12
.
(pdftex.def)             Requested size: 562.12665pt x 795.00201pt.
File: pics/emil/hedge_funds.pdf Graphic file (type pdf)

<use pics/emil/hedge_funds.pdf, page 1>
Package pdftex.def Info: pics/emil/hedge_funds.pdf, page1 used on input line 12
.
(pdftex.def)             Requested size: 562.12665pt x 795.00201pt.
 [39 <./pics/emil/hedge_funds.pdf>]
<pics/emil/hedge_funds.pdf, id=242, page=2, 597.51233pt x 845.0471pt>
File: pics/emil/hedge_funds.pdf Graphic file (type pdf)

<use pics/emil/hedge_funds.pdf, page 2>
Package pdftex.def Info: pics/emil/hedge_funds.pdf, page2 used on input line 12
.
(pdftex.def)             Requested size: 562.12665pt x 795.00201pt.
File: pics/emil/hedge_funds.pdf Graphic file (type pdf)

<use pics/emil/hedge_funds.pdf, page 2>
Package pdftex.def Info: pics/emil/hedge_funds.pdf, page2 used on input line 12
.
(pdftex.def)             Requested size: 562.12665pt x 795.00201pt.
File: pics/emil/hedge_funds.pdf Graphic file (type pdf)

<use pics/emil/hedge_funds.pdf, page 2>
Package pdftex.def Info: pics/emil/hedge_funds.pdf, page2 used on input line 12
.
(pdftex.def)             Requested size: 562.12665pt x 795.00201pt.
 [40 <./pics/emil/hedge_funds.pdf>]
<pics/emil/hedge_funds.pdf, id=253, page=3, 597.51233pt x 845.0471pt>
File: pics/emil/hedge_funds.pdf Graphic file (type pdf)

<use pics/emil/hedge_funds.pdf, page 3>
Package pdftex.def Info: pics/emil/hedge_funds.pdf, page3 used on input line 12
.
(pdftex.def)             Requested size: 562.12665pt x 795.00201pt.
File: pics/emil/hedge_funds.pdf Graphic file (type pdf)

<use pics/emil/hedge_funds.pdf, page 3>
Package pdftex.def Info: pics/emil/hedge_funds.pdf, page3 used on input line 12
.
(pdftex.def)             Requested size: 562.12665pt x 795.00201pt.
File: pics/emil/hedge_funds.pdf Graphic file (type pdf)

<use pics/emil/hedge_funds.pdf, page 3>
Package pdftex.def Info: pics/emil/hedge_funds.pdf, page3 used on input line 12
.
(pdftex.def)             Requested size: 562.12665pt x 795.00201pt.
 [41 <./pics/emil/hedge_funds.pdf>]
<pics/emil/hedge_funds.pdf, id=268, page=4, 597.51233pt x 845.0471pt>
File: pics/emil/hedge_funds.pdf Graphic file (type pdf)

<use pics/emil/hedge_funds.pdf, page 4>
Package pdftex.def Info: pics/emil/hedge_funds.pdf, page4 used on input line 12
.
(pdftex.def)             Requested size: 562.12665pt x 795.00201pt.
File: pics/emil/hedge_funds.pdf Graphic file (type pdf)

<use pics/emil/hedge_funds.pdf, page 4>
Package pdftex.def Info: pics/emil/hedge_funds.pdf, page4 used on input line 12
.
(pdftex.def)             Requested size: 562.12665pt x 795.00201pt.
File: pics/emil/hedge_funds.pdf Graphic file (type pdf)

<use pics/emil/hedge_funds.pdf, page 4>
Package pdftex.def Info: pics/emil/hedge_funds.pdf, page4 used on input line 12
.
(pdftex.def)             Requested size: 562.12665pt x 795.00201pt.
 [42 <./pics/emil/hedge_funds.pdf>]
<pics/emil/hedge_funds.pdf, id=279, page=5, 597.51233pt x 845.0471pt>
File: pics/emil/hedge_funds.pdf Graphic file (type pdf)

<use pics/emil/hedge_funds.pdf, page 5>
Package pdftex.def Info: pics/emil/hedge_funds.pdf, page5 used on input line 12
.
(pdftex.def)             Requested size: 562.12665pt x 795.00201pt.
File: pics/emil/hedge_funds.pdf Graphic file (type pdf)

<use pics/emil/hedge_funds.pdf, page 5>
Package pdftex.def Info: pics/emil/hedge_funds.pdf, page5 used on input line 12
.
(pdftex.def)             Requested size: 562.12665pt x 795.00201pt.
File: pics/emil/hedge_funds.pdf Graphic file (type pdf)

<use pics/emil/hedge_funds.pdf, page 5>
Package pdftex.def Info: pics/emil/hedge_funds.pdf, page5 used on input line 12
.
(pdftex.def)             Requested size: 562.12665pt x 795.00201pt.
 [43 <./pics/emil/hedge_funds.pdf>]
<pics/emil/hedge_funds.pdf, id=321, page=6, 597.51233pt x 845.0471pt>
File: pics/emil/hedge_funds.pdf Graphic file (type pdf)

<use pics/emil/hedge_funds.pdf, page 6>
Package pdftex.def Info: pics/emil/hedge_funds.pdf, page6 used on input line 12
.
(pdftex.def)             Requested size: 562.12665pt x 795.00201pt.
File: pics/emil/hedge_funds.pdf Graphic file (type pdf)

<use pics/emil/hedge_funds.pdf, page 6>
Package pdftex.def Info: pics/emil/hedge_funds.pdf, page6 used on input line 12
.
(pdftex.def)             Requested size: 562.12665pt x 795.00201pt.
File: pics/emil/hedge_funds.pdf Graphic file (type pdf)

<use pics/emil/hedge_funds.pdf, page 6>
Package pdftex.def Info: pics/emil/hedge_funds.pdf, page6 used on input line 12
.
(pdftex.def)             Requested size: 562.12665pt x 795.00201pt.
 [44 <./pics/emil/hedge_funds.pdf>]
<pics/emil/hedge_funds.pdf, id=344, page=7, 597.51233pt x 845.0471pt>
File: pics/emil/hedge_funds.pdf Graphic file (type pdf)

<use pics/emil/hedge_funds.pdf, page 7>
Package pdftex.def Info: pics/emil/hedge_funds.pdf, page7 used on input line 12
.
(pdftex.def)             Requested size: 562.12665pt x 795.00201pt.
File: pics/emil/hedge_funds.pdf Graphic file (type pdf)

<use pics/emil/hedge_funds.pdf, page 7>
Package pdftex.def Info: pics/emil/hedge_funds.pdf, page7 used on input line 12
.
(pdftex.def)             Requested size: 562.12665pt x 795.00201pt.
File: pics/emil/hedge_funds.pdf Graphic file (type pdf)

<use pics/emil/hedge_funds.pdf, page 7>
Package pdftex.def Info: pics/emil/hedge_funds.pdf, page7 used on input line 12
.
(pdftex.def)             Requested size: 562.12665pt x 795.00201pt.
 [45 <./pics/emil/hedge_funds.pdf>]
<pics/emil/hedge_funds.pdf, id=355, page=8, 597.51233pt x 845.0471pt>
File: pics/emil/hedge_funds.pdf Graphic file (type pdf)

<use pics/emil/hedge_funds.pdf, page 8>
Package pdftex.def Info: pics/emil/hedge_funds.pdf, page8 used on input line 12
.
(pdftex.def)             Requested size: 562.12665pt x 795.00201pt.
File: pics/emil/hedge_funds.pdf Graphic file (type pdf)

<use pics/emil/hedge_funds.pdf, page 8>
Package pdftex.def Info: pics/emil/hedge_funds.pdf, page8 used on input line 12
.
(pdftex.def)             Requested size: 562.12665pt x 795.00201pt.
File: pics/emil/hedge_funds.pdf Graphic file (type pdf)

<use pics/emil/hedge_funds.pdf, page 8>
Package pdftex.def Info: pics/emil/hedge_funds.pdf, page8 used on input line 12
.
(pdftex.def)             Requested size: 562.12665pt x 795.00201pt.
 [46 <./pics/emil/hedge_funds.pdf>]
<pics/emil/hedge_funds.pdf, id=367, page=9, 597.51233pt x 845.0471pt>
File: pics/emil/hedge_funds.pdf Graphic file (type pdf)

<use pics/emil/hedge_funds.pdf, page 9>
Package pdftex.def Info: pics/emil/hedge_funds.pdf, page9 used on input line 12
.
(pdftex.def)             Requested size: 562.12665pt x 795.00201pt.
File: pics/emil/hedge_funds.pdf Graphic file (type pdf)

<use pics/emil/hedge_funds.pdf, page 9>
Package pdftex.def Info: pics/emil/hedge_funds.pdf, page9 used on input line 12
.
(pdftex.def)             Requested size: 562.12665pt x 795.00201pt.
File: pics/emil/hedge_funds.pdf Graphic file (type pdf)

<use pics/emil/hedge_funds.pdf, page 9>
Package pdftex.def Info: pics/emil/hedge_funds.pdf, page9 used on input line 12
.
(pdftex.def)             Requested size: 562.12665pt x 795.00201pt.
 [47 <./pics/emil/hedge_funds.pdf>]
<pics/emil/hedge_funds.pdf, id=378, page=10, 597.51233pt x 845.0471pt>
File: pics/emil/hedge_funds.pdf Graphic file (type pdf)

<use pics/emil/hedge_funds.pdf, page 10>
Package pdftex.def Info: pics/emil/hedge_funds.pdf, page10 used on input line 1
2.
(pdftex.def)             Requested size: 562.12665pt x 795.00201pt.
File: pics/emil/hedge_funds.pdf Graphic file (type pdf)

<use pics/emil/hedge_funds.pdf, page 10>
Package pdftex.def Info: pics/emil/hedge_funds.pdf, page10 used on input line 1
2.
(pdftex.def)             Requested size: 562.12665pt x 795.00201pt.
File: pics/emil/hedge_funds.pdf Graphic file (type pdf)

<use pics/emil/hedge_funds.pdf, page 10>
Package pdftex.def Info: pics/emil/hedge_funds.pdf, page10 used on input line 1
2.
(pdftex.def)             Requested size: 562.12665pt x 795.00201pt.
 [48 <./pics/emil/hedge_funds.pdf>]
<pics/emil/hedge_funds.pdf, id=389, page=11, 597.51233pt x 845.0471pt>
File: pics/emil/hedge_funds.pdf Graphic file (type pdf)

<use pics/emil/hedge_funds.pdf, page 11>
Package pdftex.def Info: pics/emil/hedge_funds.pdf, page11 used on input line 1
2.
(pdftex.def)             Requested size: 562.12665pt x 795.00201pt.
File: pics/emil/hedge_funds.pdf Graphic file (type pdf)

<use pics/emil/hedge_funds.pdf, page 11>
Package pdftex.def Info: pics/emil/hedge_funds.pdf, page11 used on input line 1
2.
(pdftex.def)             Requested size: 562.12665pt x 795.00201pt.
File: pics/emil/hedge_funds.pdf Graphic file (type pdf)

<use pics/emil/hedge_funds.pdf, page 11>
Package pdftex.def Info: pics/emil/hedge_funds.pdf, page11 used on input line 1
2.
(pdftex.def)             Requested size: 562.12665pt x 795.00201pt.
 [49 <./pics/emil/hedge_funds.pdf>]
<pics/emil/hedge_funds.pdf, id=401, page=12, 597.51233pt x 845.0471pt>
File: pics/emil/hedge_funds.pdf Graphic file (type pdf)

<use pics/emil/hedge_funds.pdf, page 12>
Package pdftex.def Info: pics/emil/hedge_funds.pdf, page12 used on input line 1
2.
(pdftex.def)             Requested size: 562.12665pt x 795.00201pt.
File: pics/emil/hedge_funds.pdf Graphic file (type pdf)

<use pics/emil/hedge_funds.pdf, page 12>
Package pdftex.def Info: pics/emil/hedge_funds.pdf, page12 used on input line 1
2.
(pdftex.def)             Requested size: 562.12665pt x 795.00201pt.
File: pics/emil/hedge_funds.pdf Graphic file (type pdf)

<use pics/emil/hedge_funds.pdf, page 12>
Package pdftex.def Info: pics/emil/hedge_funds.pdf, page12 used on input line 1
2.
(pdftex.def)             Requested size: 562.12665pt x 795.00201pt.
 [50 <./pics/emil/hedge_funds.pdf>]
<pics/emil/hedge_funds.pdf, id=412, page=13, 597.51233pt x 845.0471pt>
File: pics/emil/hedge_funds.pdf Graphic file (type pdf)

<use pics/emil/hedge_funds.pdf, page 13>
Package pdftex.def Info: pics/emil/hedge_funds.pdf, page13 used on input line 1
2.
(pdftex.def)             Requested size: 562.12665pt x 795.00201pt.
File: pics/emil/hedge_funds.pdf Graphic file (type pdf)

<use pics/emil/hedge_funds.pdf, page 13>
Package pdftex.def Info: pics/emil/hedge_funds.pdf, page13 used on input line 1
2.
(pdftex.def)             Requested size: 562.12665pt x 795.00201pt.
File: pics/emil/hedge_funds.pdf Graphic file (type pdf)

<use pics/emil/hedge_funds.pdf, page 13>
Package pdftex.def Info: pics/emil/hedge_funds.pdf, page13 used on input line 1
2.
(pdftex.def)             Requested size: 562.12665pt x 795.00201pt.
 [51 <./pics/emil/hedge_funds.pdf>]
<pics/emil/hedge_funds.pdf, id=423, page=14, 597.51233pt x 845.0471pt>
File: pics/emil/hedge_funds.pdf Graphic file (type pdf)

<use pics/emil/hedge_funds.pdf, page 14>
Package pdftex.def Info: pics/emil/hedge_funds.pdf, page14 used on input line 1
2.
(pdftex.def)             Requested size: 562.12665pt x 795.00201pt.
File: pics/emil/hedge_funds.pdf Graphic file (type pdf)

<use pics/emil/hedge_funds.pdf, page 14>
Package pdftex.def Info: pics/emil/hedge_funds.pdf, page14 used on input line 1
2.
(pdftex.def)             Requested size: 562.12665pt x 795.00201pt.
File: pics/emil/hedge_funds.pdf Graphic file (type pdf)

<use pics/emil/hedge_funds.pdf, page 14>
Package pdftex.def Info: pics/emil/hedge_funds.pdf, page14 used on input line 1
2.
(pdftex.def)             Requested size: 562.12665pt x 795.00201pt.
 [52 <./pics/emil/hedge_funds.pdf>]
<pics/sasha/sasha.pdf, id=427, 597.432pt x 845.07718pt>
File: pics/sasha/sasha.pdf Graphic file (type pdf)

<use pics/sasha/sasha.pdf>
Package pdftex.def Info: pics/sasha/sasha.pdf used on input line 14.
(pdftex.def)             Requested size: 597.43054pt x 845.07512pt.
File: pics/sasha/sasha.pdf Graphic file (type pdf)
 <use pics/sasha/sasha.pdf>
Package pdftex.def Info: pics/sasha/sasha.pdf used on input line 14.
(pdftex.def)             Requested size: 597.43054pt x 845.07512pt.

<pics/sasha/sasha.pdf, id=430, page=1, 597.432pt x 845.07718pt>
File: pics/sasha/sasha.pdf Graphic file (type pdf)

<use pics/sasha/sasha.pdf, page 1>
Package pdftex.def Info: pics/sasha/sasha.pdf, page1 used on input line 14.
(pdftex.def)             Requested size: 597.43054pt x 845.07512pt.
File: pics/sasha/sasha.pdf Graphic file (type pdf)
 <use pics/sasha/sasha.pdf, page 1>
Package pdftex.def Info: pics/sasha/sasha.pdf, page1 used on input line 14.
(pdftex.def)             Requested size: 562.05109pt x 795.0303pt.
File: pics/sasha/sasha.pdf Graphic file (type pdf)

<use pics/sasha/sasha.pdf, page 1>
Package pdftex.def Info: pics/sasha/sasha.pdf, page1 used on input line 14.
(pdftex.def)             Requested size: 562.05109pt x 795.0303pt.
File: pics/sasha/sasha.pdf Graphic file (type pdf)
 <use pics/sasha/sasha.pdf, page 1>
Package pdftex.def Info: pics/sasha/sasha.pdf, page1 used on input line 14.
(pdftex.def)             Requested size: 562.05109pt x 795.0303pt.
File: pics/sasha/sasha.pdf Graphic file (type pdf)

<use pics/sasha/sasha.pdf, page 1>
Package pdftex.def Info: pics/sasha/sasha.pdf, page1 used on input line 14.
(pdftex.def)             Requested size: 562.05109pt x 795.0303pt.
 [53 <./pics/sasha/sasha.pdf>]
<pics/sasha/sasha.pdf, id=477, page=2, 597.432pt x 845.07718pt>
File: pics/sasha/sasha.pdf Graphic file (type pdf)

<use pics/sasha/sasha.pdf, page 2>
Package pdftex.def Info: pics/sasha/sasha.pdf, page2 used on input line 14.
(pdftex.def)             Requested size: 562.05109pt x 795.0303pt.
File: pics/sasha/sasha.pdf Graphic file (type pdf)
 <use pics/sasha/sasha.pdf, page 2>
Package pdftex.def Info: pics/sasha/sasha.pdf, page2 used on input line 14.
(pdftex.def)             Requested size: 562.05109pt x 795.0303pt.
File: pics/sasha/sasha.pdf Graphic file (type pdf)

<use pics/sasha/sasha.pdf, page 2>
Package pdftex.def Info: pics/sasha/sasha.pdf, page2 used on input line 14.
(pdftex.def)             Requested size: 562.05109pt x 795.0303pt.
 [54 <./pics/sasha/sasha.pdf>]
<pics/sasha/sasha.pdf, id=494, page=3, 597.432pt x 845.07718pt>
File: pics/sasha/sasha.pdf Graphic file (type pdf)

<use pics/sasha/sasha.pdf, page 3>
Package pdftex.def Info: pics/sasha/sasha.pdf, page3 used on input line 14.
(pdftex.def)             Requested size: 562.05109pt x 795.0303pt.
File: pics/sasha/sasha.pdf Graphic file (type pdf)
 <use pics/sasha/sasha.pdf, page 3>
Package pdftex.def Info: pics/sasha/sasha.pdf, page3 used on input line 14.
(pdftex.def)             Requested size: 562.05109pt x 795.0303pt.
File: pics/sasha/sasha.pdf Graphic file (type pdf)

<use pics/sasha/sasha.pdf, page 3>
Package pdftex.def Info: pics/sasha/sasha.pdf, page3 used on input line 14.
(pdftex.def)             Requested size: 562.05109pt x 795.0303pt.
 [55 <./pics/sasha/sasha.pdf>]
<pics/sasha/sasha.pdf, id=520, page=4, 597.432pt x 845.07718pt>
File: pics/sasha/sasha.pdf Graphic file (type pdf)

<use pics/sasha/sasha.pdf, page 4>
Package pdftex.def Info: pics/sasha/sasha.pdf, page4 used on input line 14.
(pdftex.def)             Requested size: 562.05109pt x 795.0303pt.
File: pics/sasha/sasha.pdf Graphic file (type pdf)
 <use pics/sasha/sasha.pdf, page 4>
Package pdftex.def Info: pics/sasha/sasha.pdf, page4 used on input line 14.
(pdftex.def)             Requested size: 562.05109pt x 795.0303pt.
File: pics/sasha/sasha.pdf Graphic file (type pdf)

<use pics/sasha/sasha.pdf, page 4>
Package pdftex.def Info: pics/sasha/sasha.pdf, page4 used on input line 14.
(pdftex.def)             Requested size: 562.05109pt x 795.0303pt.
 [56 <./pics/sasha/sasha.pdf>]
<pics/sasha/sasha.pdf, id=525, page=5, 597.432pt x 845.07718pt>
File: pics/sasha/sasha.pdf Graphic file (type pdf)

<use pics/sasha/sasha.pdf, page 5>
Package pdftex.def Info: pics/sasha/sasha.pdf, page5 used on input line 14.
(pdftex.def)             Requested size: 562.05109pt x 795.0303pt.
File: pics/sasha/sasha.pdf Graphic file (type pdf)
 <use pics/sasha/sasha.pdf, page 5>
Package pdftex.def Info: pics/sasha/sasha.pdf, page5 used on input line 14.
(pdftex.def)             Requested size: 562.05109pt x 795.0303pt.
File: pics/sasha/sasha.pdf Graphic file (type pdf)

<use pics/sasha/sasha.pdf, page 5>
Package pdftex.def Info: pics/sasha/sasha.pdf, page5 used on input line 14.
(pdftex.def)             Requested size: 562.05109pt x 795.0303pt.
 [57 <./pics/sasha/sasha.pdf>]
<pics/sasha/sasha.pdf, id=538, page=6, 597.432pt x 845.07718pt>
File: pics/sasha/sasha.pdf Graphic file (type pdf)

<use pics/sasha/sasha.pdf, page 6>
Package pdftex.def Info: pics/sasha/sasha.pdf, page6 used on input line 14.
(pdftex.def)             Requested size: 562.05109pt x 795.0303pt.
File: pics/sasha/sasha.pdf Graphic file (type pdf)
 <use pics/sasha/sasha.pdf, page 6>
Package pdftex.def Info: pics/sasha/sasha.pdf, page6 used on input line 14.
(pdftex.def)             Requested size: 562.05109pt x 795.0303pt.
File: pics/sasha/sasha.pdf Graphic file (type pdf)

<use pics/sasha/sasha.pdf, page 6>
Package pdftex.def Info: pics/sasha/sasha.pdf, page6 used on input line 14.
(pdftex.def)             Requested size: 562.05109pt x 795.0303pt.
 [58 <./pics/sasha/sasha.pdf>]
<pics/sasha/sasha.pdf, id=543, page=7, 597.432pt x 845.07718pt>
File: pics/sasha/sasha.pdf Graphic file (type pdf)

<use pics/sasha/sasha.pdf, page 7>
Package pdftex.def Info: pics/sasha/sasha.pdf, page7 used on input line 14.
(pdftex.def)             Requested size: 562.05109pt x 795.0303pt.
File: pics/sasha/sasha.pdf Graphic file (type pdf)
 <use pics/sasha/sasha.pdf, page 7>
Package pdftex.def Info: pics/sasha/sasha.pdf, page7 used on input line 14.
(pdftex.def)             Requested size: 562.05109pt x 795.0303pt.
File: pics/sasha/sasha.pdf Graphic file (type pdf)

<use pics/sasha/sasha.pdf, page 7>
Package pdftex.def Info: pics/sasha/sasha.pdf, page7 used on input line 14.
(pdftex.def)             Requested size: 562.05109pt x 795.0303pt.
 [59 <./pics/sasha/sasha.pdf>]
<pics/sasha/sasha.pdf, id=548, page=8, 597.432pt x 845.07718pt>
File: pics/sasha/sasha.pdf Graphic file (type pdf)

<use pics/sasha/sasha.pdf, page 8>
Package pdftex.def Info: pics/sasha/sasha.pdf, page8 used on input line 14.
(pdftex.def)             Requested size: 562.05109pt x 795.0303pt.
File: pics/sasha/sasha.pdf Graphic file (type pdf)
 <use pics/sasha/sasha.pdf, page 8>
Package pdftex.def Info: pics/sasha/sasha.pdf, page8 used on input line 14.
(pdftex.def)             Requested size: 562.05109pt x 795.0303pt.
File: pics/sasha/sasha.pdf Graphic file (type pdf)

<use pics/sasha/sasha.pdf, page 8>
Package pdftex.def Info: pics/sasha/sasha.pdf, page8 used on input line 14.
(pdftex.def)             Requested size: 562.05109pt x 795.0303pt.
 [60 <./pics/sasha/sasha.pdf>]
<pics/sasha/sasha.pdf, id=553, page=9, 597.432pt x 845.07718pt>
File: pics/sasha/sasha.pdf Graphic file (type pdf)

<use pics/sasha/sasha.pdf, page 9>
Package pdftex.def Info: pics/sasha/sasha.pdf, page9 used on input line 14.
(pdftex.def)             Requested size: 562.05109pt x 795.0303pt.
File: pics/sasha/sasha.pdf Graphic file (type pdf)
 <use pics/sasha/sasha.pdf, page 9>
Package pdftex.def Info: pics/sasha/sasha.pdf, page9 used on input line 14.
(pdftex.def)             Requested size: 562.05109pt x 795.0303pt.
File: pics/sasha/sasha.pdf Graphic file (type pdf)

<use pics/sasha/sasha.pdf, page 9>
Package pdftex.def Info: pics/sasha/sasha.pdf, page9 used on input line 14.
(pdftex.def)             Requested size: 562.05109pt x 795.0303pt.
 [61 <./pics/sasha/sasha.pdf>]
<pics/sasha/sasha.pdf, id=560, page=10, 597.432pt x 845.07718pt>
File: pics/sasha/sasha.pdf Graphic file (type pdf)

<use pics/sasha/sasha.pdf, page 10>
Package pdftex.def Info: pics/sasha/sasha.pdf, page10 used on input line 14.
(pdftex.def)             Requested size: 562.05109pt x 795.0303pt.
File: pics/sasha/sasha.pdf Graphic file (type pdf)
 <use pics/sasha/sasha.pdf, page 10>
Package pdftex.def Info: pics/sasha/sasha.pdf, page10 used on input line 14.
(pdftex.def)             Requested size: 562.05109pt x 795.0303pt.
File: pics/sasha/sasha.pdf Graphic file (type pdf)

<use pics/sasha/sasha.pdf, page 10>
Package pdftex.def Info: pics/sasha/sasha.pdf, page10 used on input line 14.
(pdftex.def)             Requested size: 562.05109pt x 795.0303pt.
 [62 <./pics/sasha/sasha.pdf>]
<pics/sasha/sasha.pdf, id=568, page=11, 597.432pt x 845.07718pt>
File: pics/sasha/sasha.pdf Graphic file (type pdf)

<use pics/sasha/sasha.pdf, page 11>
Package pdftex.def Info: pics/sasha/sasha.pdf, page11 used on input line 14.
(pdftex.def)             Requested size: 562.05109pt x 795.0303pt.
File: pics/sasha/sasha.pdf Graphic file (type pdf)
 <use pics/sasha/sasha.pdf, page 11>
Package pdftex.def Info: pics/sasha/sasha.pdf, page11 used on input line 14.
(pdftex.def)             Requested size: 562.05109pt x 795.0303pt.
File: pics/sasha/sasha.pdf Graphic file (type pdf)

<use pics/sasha/sasha.pdf, page 11>
Package pdftex.def Info: pics/sasha/sasha.pdf, page11 used on input line 14.
(pdftex.def)             Requested size: 562.05109pt x 795.0303pt.
 [63 <./pics/sasha/sasha.pdf>]
<pics/sasha/sasha.pdf, id=574, page=12, 597.432pt x 845.07718pt>
File: pics/sasha/sasha.pdf Graphic file (type pdf)

<use pics/sasha/sasha.pdf, page 12>
Package pdftex.def Info: pics/sasha/sasha.pdf, page12 used on input line 14.
(pdftex.def)             Requested size: 562.05109pt x 795.0303pt.
File: pics/sasha/sasha.pdf Graphic file (type pdf)
 <use pics/sasha/sasha.pdf, page 12>
Package pdftex.def Info: pics/sasha/sasha.pdf, page12 used on input line 14.
(pdftex.def)             Requested size: 562.05109pt x 795.0303pt.
File: pics/sasha/sasha.pdf Graphic file (type pdf)

<use pics/sasha/sasha.pdf, page 12>
Package pdftex.def Info: pics/sasha/sasha.pdf, page12 used on input line 14.
(pdftex.def)             Requested size: 562.05109pt x 795.0303pt.
 [64 <./pics/sasha/sasha.pdf>]
<pics/sasha/sasha.pdf, id=579, page=13, 597.432pt x 845.07718pt>
File: pics/sasha/sasha.pdf Graphic file (type pdf)

<use pics/sasha/sasha.pdf, page 13>
Package pdftex.def Info: pics/sasha/sasha.pdf, page13 used on input line 14.
(pdftex.def)             Requested size: 562.05109pt x 795.0303pt.
File: pics/sasha/sasha.pdf Graphic file (type pdf)
 <use pics/sasha/sasha.pdf, page 13>
Package pdftex.def Info: pics/sasha/sasha.pdf, page13 used on input line 14.
(pdftex.def)             Requested size: 562.05109pt x 795.0303pt.
File: pics/sasha/sasha.pdf Graphic file (type pdf)

<use pics/sasha/sasha.pdf, page 13>
Package pdftex.def Info: pics/sasha/sasha.pdf, page13 used on input line 14.
(pdftex.def)             Requested size: 562.05109pt x 795.0303pt.
 [65 <./pics/sasha/sasha.pdf>]
<pics/sasha/sasha.pdf, id=584, page=14, 597.432pt x 845.07718pt>
File: pics/sasha/sasha.pdf Graphic file (type pdf)

<use pics/sasha/sasha.pdf, page 14>
Package pdftex.def Info: pics/sasha/sasha.pdf, page14 used on input line 14.
(pdftex.def)             Requested size: 562.05109pt x 795.0303pt.
File: pics/sasha/sasha.pdf Graphic file (type pdf)
 <use pics/sasha/sasha.pdf, page 14>
Package pdftex.def Info: pics/sasha/sasha.pdf, page14 used on input line 14.
(pdftex.def)             Requested size: 562.05109pt x 795.0303pt.
File: pics/sasha/sasha.pdf Graphic file (type pdf)

<use pics/sasha/sasha.pdf, page 14>
Package pdftex.def Info: pics/sasha/sasha.pdf, page14 used on input line 14.
(pdftex.def)             Requested size: 562.05109pt x 795.0303pt.
 [66 <./pics/sasha/sasha.pdf>]
<pics/sasha/sasha.pdf, id=589, page=15, 597.432pt x 845.07718pt>
File: pics/sasha/sasha.pdf Graphic file (type pdf)

<use pics/sasha/sasha.pdf, page 15>
Package pdftex.def Info: pics/sasha/sasha.pdf, page15 used on input line 14.
(pdftex.def)             Requested size: 562.05109pt x 795.0303pt.
File: pics/sasha/sasha.pdf Graphic file (type pdf)
 <use pics/sasha/sasha.pdf, page 15>
Package pdftex.def Info: pics/sasha/sasha.pdf, page15 used on input line 14.
(pdftex.def)             Requested size: 562.05109pt x 795.0303pt.
File: pics/sasha/sasha.pdf Graphic file (type pdf)

<use pics/sasha/sasha.pdf, page 15>
Package pdftex.def Info: pics/sasha/sasha.pdf, page15 used on input line 14.
(pdftex.def)             Requested size: 562.05109pt x 795.0303pt.
 [67 <./pics/sasha/sasha.pdf>]
<pics/sasha/sasha.pdf, id=599, page=16, 597.432pt x 845.07718pt>
File: pics/sasha/sasha.pdf Graphic file (type pdf)

<use pics/sasha/sasha.pdf, page 16>
Package pdftex.def Info: pics/sasha/sasha.pdf, page16 used on input line 14.
(pdftex.def)             Requested size: 562.05109pt x 795.0303pt.
File: pics/sasha/sasha.pdf Graphic file (type pdf)
 <use pics/sasha/sasha.pdf, page 16>
Package pdftex.def Info: pics/sasha/sasha.pdf, page16 used on input line 14.
(pdftex.def)             Requested size: 562.05109pt x 795.0303pt.
File: pics/sasha/sasha.pdf Graphic file (type pdf)

<use pics/sasha/sasha.pdf, page 16>
Package pdftex.def Info: pics/sasha/sasha.pdf, page16 used on input line 14.
(pdftex.def)             Requested size: 562.05109pt x 795.0303pt.
 [68 <./pics/sasha/sasha.pdf>]
<pics/sasha/sasha.pdf, id=604, page=17, 597.432pt x 845.07718pt>
File: pics/sasha/sasha.pdf Graphic file (type pdf)

<use pics/sasha/sasha.pdf, page 17>
Package pdftex.def Info: pics/sasha/sasha.pdf, page17 used on input line 14.
(pdftex.def)             Requested size: 562.05109pt x 795.0303pt.
File: pics/sasha/sasha.pdf Graphic file (type pdf)
 <use pics/sasha/sasha.pdf, page 17>
Package pdftex.def Info: pics/sasha/sasha.pdf, page17 used on input line 14.
(pdftex.def)             Requested size: 562.05109pt x 795.0303pt.
File: pics/sasha/sasha.pdf Graphic file (type pdf)

<use pics/sasha/sasha.pdf, page 17>
Package pdftex.def Info: pics/sasha/sasha.pdf, page17 used on input line 14.
(pdftex.def)             Requested size: 562.05109pt x 795.0303pt.
 [69 <./pics/sasha/sasha.pdf>]
<pics/sasha/sasha.pdf, id=609, page=18, 597.432pt x 845.07718pt>
File: pics/sasha/sasha.pdf Graphic file (type pdf)

<use pics/sasha/sasha.pdf, page 18>
Package pdftex.def Info: pics/sasha/sasha.pdf, page18 used on input line 14.
(pdftex.def)             Requested size: 562.05109pt x 795.0303pt.
File: pics/sasha/sasha.pdf Graphic file (type pdf)
 <use pics/sasha/sasha.pdf, page 18>
Package pdftex.def Info: pics/sasha/sasha.pdf, page18 used on input line 14.
(pdftex.def)             Requested size: 562.05109pt x 795.0303pt.
File: pics/sasha/sasha.pdf Graphic file (type pdf)

<use pics/sasha/sasha.pdf, page 18>
Package pdftex.def Info: pics/sasha/sasha.pdf, page18 used on input line 14.
(pdftex.def)             Requested size: 562.05109pt x 795.0303pt.
 [70 <./pics/sasha/sasha.pdf>]
<pics/sasha/sasha.pdf, id=614, page=19, 597.432pt x 845.07718pt>
File: pics/sasha/sasha.pdf Graphic file (type pdf)

<use pics/sasha/sasha.pdf, page 19>
Package pdftex.def Info: pics/sasha/sasha.pdf, page19 used on input line 14.
(pdftex.def)             Requested size: 562.05109pt x 795.0303pt.
File: pics/sasha/sasha.pdf Graphic file (type pdf)
 <use pics/sasha/sasha.pdf, page 19>
Package pdftex.def Info: pics/sasha/sasha.pdf, page19 used on input line 14.
(pdftex.def)             Requested size: 562.05109pt x 795.0303pt.
File: pics/sasha/sasha.pdf Graphic file (type pdf)

<use pics/sasha/sasha.pdf, page 19>
Package pdftex.def Info: pics/sasha/sasha.pdf, page19 used on input line 14.
(pdftex.def)             Requested size: 562.05109pt x 795.0303pt.
 [71 <./pics/sasha/sasha.pdf>]
<pics/sasha/sasha.pdf, id=621, page=20, 597.432pt x 845.07718pt>
File: pics/sasha/sasha.pdf Graphic file (type pdf)

<use pics/sasha/sasha.pdf, page 20>
Package pdftex.def Info: pics/sasha/sasha.pdf, page20 used on input line 14.
(pdftex.def)             Requested size: 562.05109pt x 795.0303pt.
File: pics/sasha/sasha.pdf Graphic file (type pdf)
 <use pics/sasha/sasha.pdf, page 20>
Package pdftex.def Info: pics/sasha/sasha.pdf, page20 used on input line 14.
(pdftex.def)             Requested size: 562.05109pt x 795.0303pt.
File: pics/sasha/sasha.pdf Graphic file (type pdf)

<use pics/sasha/sasha.pdf, page 20>
Package pdftex.def Info: pics/sasha/sasha.pdf, page20 used on input line 14.
(pdftex.def)             Requested size: 562.05109pt x 795.0303pt.
 [72 <./pics/sasha/sasha.pdf>]
<pics/sasha/sasha.pdf, id=627, page=21, 597.432pt x 845.07718pt>
File: pics/sasha/sasha.pdf Graphic file (type pdf)

<use pics/sasha/sasha.pdf, page 21>
Package pdftex.def Info: pics/sasha/sasha.pdf, page21 used on input line 14.
(pdftex.def)             Requested size: 562.05109pt x 795.0303pt.
File: pics/sasha/sasha.pdf Graphic file (type pdf)
 <use pics/sasha/sasha.pdf, page 21>
Package pdftex.def Info: pics/sasha/sasha.pdf, page21 used on input line 14.
(pdftex.def)             Requested size: 562.05109pt x 795.0303pt.
File: pics/sasha/sasha.pdf Graphic file (type pdf)

<use pics/sasha/sasha.pdf, page 21>
Package pdftex.def Info: pics/sasha/sasha.pdf, page21 used on input line 14.
(pdftex.def)             Requested size: 562.05109pt x 795.0303pt.
 [73 <./pics/sasha/sasha.pdf>]
<pics/sasha/section7.pdf, id=635, 597.55246pt x 845.07718pt>
File: pics/sasha/section7.pdf Graphic file (type pdf)

<use pics/sasha/section7.pdf>
Package pdftex.def Info: pics/sasha/section7.pdf used on input line 16.
(pdftex.def)             Requested size: 597.551pt x 845.07512pt.
File: pics/sasha/section7.pdf Graphic file (type pdf)
 <use pics/sasha/section7.pdf>
Package pdftex.def Info: pics/sasha/section7.pdf used on input line 16.
(pdftex.def)             Requested size: 597.551pt x 845.07512pt.

<pics/sasha/section7.pdf, id=638, page=1, 597.55246pt x 845.07718pt>
File: pics/sasha/section7.pdf Graphic file (type pdf)

<use pics/sasha/section7.pdf, page 1>
Package pdftex.def Info: pics/sasha/section7.pdf, page1 used on input line 16.
(pdftex.def)             Requested size: 597.551pt x 845.07512pt.
File: pics/sasha/section7.pdf Graphic file (type pdf)
 <use pics/sasha/section7.pdf, page 1>
Package pdftex.def Info: pics/sasha/section7.pdf, page1 used on input line 16.
(pdftex.def)             Requested size: 562.1644pt x 795.0303pt.
File: pics/sasha/section7.pdf Graphic file (type pdf)

<use pics/sasha/section7.pdf, page 1>
Package pdftex.def Info: pics/sasha/section7.pdf, page1 used on input line 16.
(pdftex.def)             Requested size: 562.1644pt x 795.0303pt.
File: pics/sasha/section7.pdf Graphic file (type pdf)
 <use pics/sasha/section7.pdf, page 1>
Package pdftex.def Info: pics/sasha/section7.pdf, page1 used on input line 16.
(pdftex.def)             Requested size: 562.1644pt x 795.0303pt.
File: pics/sasha/section7.pdf Graphic file (type pdf)

<use pics/sasha/section7.pdf, page 1>
Package pdftex.def Info: pics/sasha/section7.pdf, page1 used on input line 16.
(pdftex.def)             Requested size: 562.1644pt x 795.0303pt.
 [74 <./pics/sasha/section7.pdf>]
<pics/sasha/section7.pdf, id=705, page=2, 597.55246pt x 845.07718pt>
File: pics/sasha/section7.pdf Graphic file (type pdf)

<use pics/sasha/section7.pdf, page 2>
Package pdftex.def Info: pics/sasha/section7.pdf, page2 used on input line 16.
(pdftex.def)             Requested size: 562.1644pt x 795.0303pt.
File: pics/sasha/section7.pdf Graphic file (type pdf)
 <use pics/sasha/section7.pdf, page 2>
Package pdftex.def Info: pics/sasha/section7.pdf, page2 used on input line 16.
(pdftex.def)             Requested size: 562.1644pt x 795.0303pt.
File: pics/sasha/section7.pdf Graphic file (type pdf)

<use pics/sasha/section7.pdf, page 2>
Package pdftex.def Info: pics/sasha/section7.pdf, page2 used on input line 16.
(pdftex.def)             Requested size: 562.1644pt x 795.0303pt.
 [75 <./pics/sasha/section7.pdf>]
<pics/sasha/section7.pdf, id=709, page=3, 597.55246pt x 845.07718pt>
File: pics/sasha/section7.pdf Graphic file (type pdf)

<use pics/sasha/section7.pdf, page 3>
Package pdftex.def Info: pics/sasha/section7.pdf, page3 used on input line 16.
(pdftex.def)             Requested size: 562.1644pt x 795.0303pt.
File: pics/sasha/section7.pdf Graphic file (type pdf)
 <use pics/sasha/section7.pdf, page 3>
Package pdftex.def Info: pics/sasha/section7.pdf, page3 used on input line 16.
(pdftex.def)             Requested size: 562.1644pt x 795.0303pt.
File: pics/sasha/section7.pdf Graphic file (type pdf)

<use pics/sasha/section7.pdf, page 3>
Package pdftex.def Info: pics/sasha/section7.pdf, page3 used on input line 16.
(pdftex.def)             Requested size: 562.1644pt x 795.0303pt.
 [76 <./pics/sasha/section7.pdf>]
<pics/sasha/section7.pdf, id=713, page=4, 597.55246pt x 845.07718pt>
File: pics/sasha/section7.pdf Graphic file (type pdf)

<use pics/sasha/section7.pdf, page 4>
Package pdftex.def Info: pics/sasha/section7.pdf, page4 used on input line 16.
(pdftex.def)             Requested size: 562.1644pt x 795.0303pt.
File: pics/sasha/section7.pdf Graphic file (type pdf)
 <use pics/sasha/section7.pdf, page 4>
Package pdftex.def Info: pics/sasha/section7.pdf, page4 used on input line 16.
(pdftex.def)             Requested size: 562.1644pt x 795.0303pt.
File: pics/sasha/section7.pdf Graphic file (type pdf)

<use pics/sasha/section7.pdf, page 4>
Package pdftex.def Info: pics/sasha/section7.pdf, page4 used on input line 16.
(pdftex.def)             Requested size: 562.1644pt x 795.0303pt.
 [77 <./pics/sasha/section7.pdf>]
(./sources/alina/inflation.tex
<pics/alina/inflation.png, id=717, 504.38437pt x 257.46187pt>
File: pics/alina/inflation.png Graphic file (type png)

<use pics/alina/inflation.png>
Package pdftex.def Info: pics/alina/inflation.png used on input line 5.
(pdftex.def)             Requested size: 455.24408pt x 232.38138pt.

Overfull \hbox (82.8689pt too wide) in paragraph at lines 5--6
[][] 
 []

) [78 <./pics/alina/inflation.png>] (./main.aux) ) 
Here is how much of TeX's memory you used:
 5479 strings out of 493029
 73479 string characters out of 6136234
 150025 words of memory out of 5000000
 8833 multiletter control sequences out of 15000+600000
 15140 words of font info for 43 fonts, out of 8000000 for 9000
 1141 hyphenation exceptions out of 8191
 41i,18n,47p,1819b,434s stack positions out of 5000i,500n,10000p,200000b,80000s
{/usr/share/texmf/fonts/enc/d
vips/cm-super/cm-super-t2a.enc}</usr/share/texlive/texmf-dist/fonts/type1/publi
c/amsfonts/cm/cmex10.pfb></usr/share/texlive/texmf-dist/fonts/type1/public/amsf
onts/cm/cmmi12.pfb></usr/share/texlive/texmf-dist/fonts/type1/public/amsfonts/c
m/cmmi8.pfb></usr/share/texlive/texmf-dist/fonts/type1/public/amsfonts/cm/cmr12
.pfb></usr/share/texlive/texmf-dist/fonts/type1/public/amsfonts/cm/cmr6.pfb></u
sr/share/texlive/texmf-dist/fonts/type1/public/amsfonts/cm/cmr8.pfb></usr/share
/texlive/texmf-dist/fonts/type1/public/amsfonts/cm/cmsy10.pfb></usr/share/texmf
/fonts/type1/public/cm-super/sfbx1200.pfb></usr/share/texmf/fonts/type1/public/
cm-super/sfbx1440.pfb></usr/share/texmf/fonts/type1/public/cm-super/sfbx1728.pf
b></usr/share/texmf/fonts/type1/public/cm-super/sfrm1000.pfb></usr/share/texmf/
fonts/type1/public/cm-super/sfrm1200.pfb></usr/share/texmf/fonts/type1/public/c
m-super/sfti1200.pfb>
Output written on main.pdf (78 pages, 4770550 bytes).
PDF statistics:
 767 PDF objects out of 1000 (max. 8388607)
 474 compressed objects within 5 object streams
 0 named destinations out of 1000 (max. 500000)
 356 words of extra memory for PDF output out of 10000 (max. 10000000)

